2025-08-07T14:08:35.468649083Z    _____                               
2025-08-07T14:08:35.477523126Z   /  _  \ __________ _________   ____  
2025-08-07T14:08:35.477529326Z  /  /_\  \\___   /  |  \_  __ \_/ __ \ 
2025-08-07T14:08:35.477532726Z /    |    \/    /|  |  /|  | \/\  ___/ 
2025-08-07T14:08:35.477548626Z \____|__  /_____ \____/ |__|    \___  >
2025-08-07T14:08:35.477552126Z         \/      \/                  \/ 
2025-08-07T14:08:35.477555226Z A P P   S E R V I C E   O N   L I N U X
2025-08-07T14:08:35.477558626Z 
2025-08-07T14:08:35.477561526Z Documentation: http://aka.ms/webapp-linux
2025-08-07T14:08:35.477564426Z NodeJS quickstart: https://aka.ms/node-qs
2025-08-07T14:08:35.477567326Z NodeJS Version : v20.19.3
2025-08-07T14:08:35.477570326Z Note: Any data outside '/home' is not persisted
2025-08-07T14:08:35.477573326Z 
2025-08-07T14:08:39.540852913Z Starting OpenBSD Secure Shell server: sshd.
2025-08-07T14:08:39.579704968Z WEBSITES_INCLUDE_CLOUD_CERTS is not set to true.
2025-08-07T14:08:39.626349375Z Updating certificates in /etc/ssl/certs...
2025-08-07T14:08:51.821019547Z rehash: warning: skipping ca-certificates.crt,it does not contain exactly one certificate or CRL
2025-08-07T14:08:51.996931948Z 4 added, 0 removed; done.
2025-08-07T14:08:51.999211958Z Running hooks in /etc/ca-certificates/update.d...
2025-08-07T14:08:52.007164395Z done.
2025-08-07T14:08:52.102029827Z CA certificates copied and updated successfully.
2025-08-07T14:08:52.425973603Z Starting periodic command scheduler: cron.
2025-08-07T14:08:52.780892705Z Found build manifest file at '/home/site/wwwroot/oryx-manifest.toml'. Deserializing it...
2025-08-07T14:08:52.827802016Z Could not find operation ID in manifest. Generating an operation id...
2025-08-07T14:08:52.828677220Z Build Operation ID: cb193b96-d81a-4f36-94ff-e1e39ff1cfde
2025-08-07T14:08:53.559746205Z Environment Variables for Application Insight's IPA Codeless Configuration exists..
2025-08-07T14:08:53.565433931Z Writing output script to '/opt/startup/startup.sh'
2025-08-07T14:08:53.623220290Z Running #!/bin/sh
2025-08-07T14:08:53.623244890Z 
2025-08-07T14:08:53.623249290Z # Enter the source directory to make sure the script runs where the user expects
2025-08-07T14:08:53.623253090Z cd "/home/site/wwwroot"
2025-08-07T14:08:53.623256490Z 
2025-08-07T14:08:53.623260191Z export NODE_PATH=/usr/local/lib/node_modules:$NODE_PATH
2025-08-07T14:08:53.623263791Z if [ -z "$PORT" ]; then
2025-08-07T14:08:53.623267291Z 		export PORT=8080
2025-08-07T14:08:53.623270891Z fi
2025-08-07T14:08:53.623274091Z 
2025-08-07T14:08:53.623277291Z echo Found tar.gz based node_modules.
2025-08-07T14:08:53.623292991Z extractionCommand="tar -xzf node_modules.tar.gz -C /node_modules"
2025-08-07T14:08:53.623297291Z echo "Removing existing modules directory from root..."
2025-08-07T14:08:53.623300791Z rm -fr /node_modules
2025-08-07T14:08:53.623304091Z mkdir -p /node_modules
2025-08-07T14:08:53.623307191Z echo Extracting modules...
2025-08-07T14:08:53.623310391Z $extractionCommand
2025-08-07T14:08:53.623313591Z export NODE_PATH="/node_modules":$NODE_PATH
2025-08-07T14:08:53.623316991Z export PATH=/node_modules/.bin:$PATH
2025-08-07T14:08:53.623320191Z if [ -d node_modules ]; then
2025-08-07T14:08:53.623323391Z     mv -f node_modules _del_node_modules || true
2025-08-07T14:08:53.623326691Z fi
2025-08-07T14:08:53.623329891Z 
2025-08-07T14:08:53.623332991Z if [ -d /node_modules ]; then
2025-08-07T14:08:53.623336191Z     ln -sfn /node_modules ./node_modules 
2025-08-07T14:08:53.623339491Z fi
2025-08-07T14:08:53.623342591Z 
2025-08-07T14:08:53.623345791Z echo "Done."
2025-08-07T14:08:53.623348991Z npm start
2025-08-07T14:08:53.638931761Z Found tar.gz based node_modules.
2025-08-07T14:08:53.638950261Z Removing existing modules directory from root...
2025-08-07T14:08:53.721980034Z Extracting modules...
2025-08-07T14:09:30.385203396Z Done.
2025-08-07T14:09:33.542482058Z npm info using npm@10.9.2
2025-08-07T14:09:33.546634078Z npm info using node@v20.19.3
2025-08-07T14:09:37.007292829Z 
2025-08-07T14:09:37.007360029Z > ursafespacefinal@0.1.0 start
2025-08-07T14:09:37.007365629Z > node server.js
2025-08-07T14:09:37.007369029Z 
2025-08-07T14:09:39.571247748Z Starting server in production mode
2025-08-07T14:09:39.572930256Z Hostname: 0.0.0.0, Port: 8080
2025-08-07T14:09:44.685581407Z Failed to start server: [Error: Could not find a production build in the '.next' directory. Try building your app with 'next build' before starting the production server. https://nextjs.org/docs/messages/production-start-no-build-id]
2025-08-07T14:09:44.736351793Z npm http fetch GET 200 https://registry.npmjs.org/npm 590ms
2025-08-07T14:09:44.760102627Z npm notice
2025-08-07T14:09:44.760119927Z npm notice New major version of npm available! 10.9.2 -> 11.5.2
2025-08-07T14:09:44.760124927Z npm notice Changelog: https://github.com/npm/cli/releases/tag/v11.5.2
2025-08-07T14:09:44.760128727Z npm notice To update run: npm install -g npm@11.5.2
2025-08-07T14:09:44.760181627Z npm notice

2025-08-07T14:11:45.610866186Z    _____                               
2025-08-07T14:11:45.611006786Z   /  _  \ __________ _________   ____  
2025-08-07T14:11:45.611013186Z  /  /_\  \\___   /  |  \_  __ \_/ __ \ 
2025-08-07T14:11:45.611016886Z /    |    \/    /|  |  /|  | \/\  ___/ 
2025-08-07T14:11:45.611020586Z \____|__  /_____ \____/ |__|    \___  >
2025-08-07T14:11:45.611024186Z         \/      \/                  \/ 
2025-08-07T14:11:45.611027986Z A P P   S E R V I C E   O N   L I N U X
2025-08-07T14:11:45.611031486Z 
2025-08-07T14:11:45.611034686Z Documentation: http://aka.ms/webapp-linux
2025-08-07T14:11:45.611037986Z NodeJS quickstart: https://aka.ms/node-qs
2025-08-07T14:11:45.611041286Z NodeJS Version : v20.19.3
2025-08-07T14:11:45.611044586Z Note: Any data outside '/home' is not persisted
2025-08-07T14:11:45.611047886Z 
2025-08-07T14:11:49.454785549Z Starting OpenBSD Secure Shell server: sshd.
2025-08-07T14:11:49.482116685Z WEBSITES_INCLUDE_CLOUD_CERTS is not set to true.
2025-08-07T14:11:49.573287540Z Updating certificates in /etc/ssl/certs...
2025-08-07T14:12:00.224996171Z rehash: warning: skipping ca-certificates.crt,it does not contain exactly one certificate or CRL
2025-08-07T14:12:00.290671237Z 4 added, 0 removed; done.
2025-08-07T14:12:00.339898787Z Running hooks in /etc/ca-certificates/update.d...
2025-08-07T14:12:00.340358993Z done.
2025-08-07T14:12:00.387689418Z CA certificates copied and updated successfully.
2025-08-07T14:12:00.667811115Z Starting periodic command scheduler: cron.
2025-08-07T14:12:01.030314599Z Found build manifest file at '/home/site/wwwroot/oryx-manifest.toml'. Deserializing it...
2025-08-07T14:12:01.059162879Z Could not find operation ID in manifest. Generating an operation id...
2025-08-07T14:12:01.059192980Z Build Operation ID: a76ac2b5-eebf-43c1-baae-cf250e0bf2d8
2025-08-07T14:12:02.129042900Z Environment Variables for Application Insight's IPA Codeless Configuration exists..
2025-08-07T14:12:02.137581713Z Writing output script to '/opt/startup/startup.sh'
2025-08-07T14:12:02.288000198Z Running #!/bin/sh
2025-08-07T14:12:02.288027798Z 
2025-08-07T14:12:02.288032698Z # Enter the source directory to make sure the script runs where the user expects
2025-08-07T14:12:02.288036199Z cd "/home/site/wwwroot"
2025-08-07T14:12:02.288039499Z 
2025-08-07T14:12:02.288042699Z export NODE_PATH=/usr/local/lib/node_modules:$NODE_PATH
2025-08-07T14:12:02.288045999Z if [ -z "$PORT" ]; then
2025-08-07T14:12:02.288049299Z 		export PORT=8080
2025-08-07T14:12:02.288052799Z fi
2025-08-07T14:12:02.288055699Z 
2025-08-07T14:12:02.288058699Z echo Found tar.gz based node_modules.
2025-08-07T14:12:02.288075299Z extractionCommand="tar -xzf node_modules.tar.gz -C /node_modules"
2025-08-07T14:12:02.288079199Z echo "Removing existing modules directory from root..."
2025-08-07T14:12:02.288082399Z rm -fr /node_modules
2025-08-07T14:12:02.288085399Z mkdir -p /node_modules
2025-08-07T14:12:02.288088299Z echo Extracting modules...
2025-08-07T14:12:02.288091399Z $extractionCommand
2025-08-07T14:12:02.288094399Z export NODE_PATH="/node_modules":$NODE_PATH
2025-08-07T14:12:02.288102299Z export PATH=/node_modules/.bin:$PATH
2025-08-07T14:12:02.288105399Z if [ -d node_modules ]; then
2025-08-07T14:12:02.288108499Z     mv -f node_modules _del_node_modules || true
2025-08-07T14:12:02.288111600Z fi
2025-08-07T14:12:02.288114800Z 
2025-08-07T14:12:02.288117700Z if [ -d /node_modules ]; then
2025-08-07T14:12:02.288120800Z     ln -sfn /node_modules ./node_modules 
2025-08-07T14:12:02.288124000Z fi
2025-08-07T14:12:02.288127000Z 
2025-08-07T14:12:02.288130300Z echo "Done."
2025-08-07T14:12:02.296659012Z npm start
2025-08-07T14:12:02.298308334Z Found tar.gz based node_modules.
2025-08-07T14:12:02.325103288Z Removing existing modules directory from root...
2025-08-07T14:12:02.364610009Z Extracting modules...
2025-08-07T14:13:08.857849813Z Done.
2025-08-07T14:13:13.605602210Z npm info using npm@10.9.2
2025-08-07T14:13:13.614476219Z npm info using node@v20.19.3
2025-08-07T14:13:14.964070463Z 
2025-08-07T14:13:14.964179964Z > ursafespacefinal@0.1.0 start
2025-08-07T14:13:14.964186664Z > node server.js
2025-08-07T14:13:14.964190164Z 
2025-08-07T14:13:17.188013981Z Starting server in production mode
2025-08-07T14:13:17.193416305Z Hostname: 0.0.0.0, Port: 8080
2025-08-07T14:13:22.396214974Z Failed to start server: [Error: Could not find a production build in the '.next' directory. Try building your app with 'next build' before starting the production server. https://nextjs.org/docs/messages/production-start-no-build-id]
2025-08-07T14:13:22.447206498Z npm http fetch GET 200 https://registry.npmjs.org/npm 452ms
2025-08-07T14:13:22.467910846Z npm notice
2025-08-07T14:13:22.467937646Z npm notice New major version of npm available! 10.9.2 -> 11.5.2
2025-08-07T14:13:22.467942746Z npm notice Changelog: https://github.com/npm/cli/releases/tag/v11.5.2
2025-08-07T14:13:22.467946546Z npm notice To update run: npm install -g npm@11.5.2
2025-08-07T14:13:22.467950046Z npm notice

2025-08-07T14:16:26.370730243Z    _____                               
2025-08-07T14:16:26.370875943Z   /  _  \ __________ _________   ____  
2025-08-07T14:16:26.370886443Z  /  /_\  \\___   /  |  \_  __ \_/ __ \ 
2025-08-07T14:16:26.370890243Z /    |    \/    /|  |  /|  | \/\  ___/ 
2025-08-07T14:16:26.370893543Z \____|__  /_____ \____/ |__|    \___  >
2025-08-07T14:16:26.370897043Z         \/      \/                  \/ 
2025-08-07T14:16:26.370900243Z A P P   S E R V I C E   O N   L I N U X
2025-08-07T14:16:26.370903543Z 
2025-08-07T14:16:26.370906844Z Documentation: http://aka.ms/webapp-linux
2025-08-07T14:16:26.370909844Z NodeJS quickstart: https://aka.ms/node-qs
2025-08-07T14:16:26.370913044Z NodeJS Version : v20.19.3
2025-08-07T14:16:26.370916144Z Note: Any data outside '/home' is not persisted
2025-08-07T14:16:26.370919344Z 
2025-08-07T14:16:31.458417557Z Starting OpenBSD Secure Shell server: sshd.
2025-08-07T14:16:31.502701475Z WEBSITES_INCLUDE_CLOUD_CERTS is not set to true.
2025-08-07T14:16:31.531335917Z Updating certificates in /etc/ssl/certs...
2025-08-07T14:16:52.390011606Z rehash: warning: skipping ca-certificates.crt,it does not contain exactly one certificate or CRL
2025-08-07T14:16:52.525357385Z 4 added, 0 removed; done.
2025-08-07T14:16:52.533706127Z Running hooks in /etc/ca-certificates/update.d...
2025-08-07T14:16:52.550607312Z done.
2025-08-07T14:16:52.599443557Z CA certificates copied and updated successfully.
2025-08-07T14:16:52.932298327Z Starting periodic command scheduler: cron.
2025-08-07T14:16:53.822525495Z Found build manifest file at '/home/site/wwwroot/oryx-manifest.toml'. Deserializing it...
2025-08-07T14:16:53.830905438Z Could not find operation ID in manifest. Generating an operation id...
2025-08-07T14:16:53.831576341Z Build Operation ID: 307159d3-3c9d-4063-8d3a-dad3f13cbe7d
2025-08-07T14:16:54.333133558Z Environment Variables for Application Insight's IPA Codeless Configuration exists..
2025-08-07T14:16:54.371221650Z Writing output script to '/opt/startup/startup.sh'
2025-08-07T14:16:54.470632749Z Running #!/bin/sh
2025-08-07T14:16:54.470661149Z 
2025-08-07T14:16:54.470665549Z # Enter the source directory to make sure the script runs where the user expects
2025-08-07T14:16:54.470669349Z cd "/home/site/wwwroot"
2025-08-07T14:16:54.470672849Z 
2025-08-07T14:16:54.470676249Z export NODE_PATH=/usr/local/lib/node_modules:$NODE_PATH
2025-08-07T14:16:54.470679849Z if [ -z "$PORT" ]; then
2025-08-07T14:16:54.470683149Z 		export PORT=8080
2025-08-07T14:16:54.514807370Z fi
2025-08-07T14:16:54.514849171Z 
2025-08-07T14:16:54.514857471Z echo Found tar.gz based node_modules.
2025-08-07T14:16:54.514874871Z extractionCommand="tar -xzf node_modules.tar.gz -C /node_modules"
2025-08-07T14:16:54.514879071Z echo "Removing existing modules directory from root..."
2025-08-07T14:16:54.514882571Z rm -fr /node_modules
2025-08-07T14:16:54.514886271Z mkdir -p /node_modules
2025-08-07T14:16:54.514889471Z echo Extracting modules...
2025-08-07T14:16:54.514892671Z $extractionCommand
2025-08-07T14:16:54.514895871Z export NODE_PATH="/node_modules":$NODE_PATH
2025-08-07T14:16:54.514899271Z export PATH=/node_modules/.bin:$PATH
2025-08-07T14:16:54.514902571Z if [ -d node_modules ]; then
2025-08-07T14:16:54.514905771Z     mv -f node_modules _del_node_modules || true
2025-08-07T14:16:54.514908971Z fi
2025-08-07T14:16:54.514912371Z 
2025-08-07T14:16:54.514915471Z if [ -d /node_modules ]; then
2025-08-07T14:16:54.514918771Z     ln -sfn /node_modules ./node_modules 
2025-08-07T14:16:54.514921971Z fi
2025-08-07T14:16:54.514925171Z 
2025-08-07T14:16:54.514928271Z echo "Done."
2025-08-07T14:16:54.514931571Z npm start
2025-08-07T14:16:54.514937671Z Found tar.gz based node_modules.
2025-08-07T14:16:54.514941271Z Removing existing modules directory from root...
2025-08-07T14:16:54.647080634Z Extracting modules...
2025-08-07T14:18:39.695296925Z Done.
2025-08-07T14:18:43.430808162Z npm info using npm@10.9.2
2025-08-07T14:18:43.437916789Z npm info using node@v20.19.3
2025-08-07T14:18:44.741856006Z 
2025-08-07T14:18:44.741991807Z > ursafespacefinal@0.1.0 start
2025-08-07T14:18:44.741998407Z > node server.js
2025-08-07T14:18:44.742002107Z 
2025-08-07T14:18:47.292903429Z Starting server in production mode
2025-08-07T14:18:47.298768052Z Hostname: 0.0.0.0, Port: 8080
2025-08-07T14:18:53.419630931Z Failed to start server: [Error: Could not find a production build in the '.next' directory. Try building your app with 'next build' before starting the production server. https://nextjs.org/docs/messages/production-start-no-build-id]
2025-08-07T14:18:53.467950929Z npm http fetch GET 200 https://registry.npmjs.org/npm 382ms
2025-08-07T14:18:53.498165053Z npm notice
2025-08-07T14:18:53.498191653Z npm notice New major version of npm available! 10.9.2 -> 11.5.2
2025-08-07T14:18:53.498196853Z npm notice Changelog: https://github.com/npm/cli/releases/tag/v11.5.2
2025-08-07T14:18:53.498201053Z npm notice To update run: npm install -g npm@11.5.2
2025-08-07T14:18:53.498204653Z npm notice

2025-08-07T14:19:18.460479001Z    _____                               
2025-08-07T14:19:18.460958703Z   /  _  \ __________ _________   ____  
2025-08-07T14:19:18.460973403Z  /  /_\  \\___   /  |  \_  __ \_/ __ \ 
2025-08-07T14:19:18.460977703Z /    |    \/    /|  |  /|  | \/\  ___/ 
2025-08-07T14:19:18.460981203Z \____|__  /_____ \____/ |__|    \___  >
2025-08-07T14:19:18.461001103Z         \/      \/                  \/ 
2025-08-07T14:19:18.461004503Z A P P   S E R V I C E   O N   L I N U X
2025-08-07T14:19:18.461007703Z 
2025-08-07T14:19:18.461010803Z Documentation: http://aka.ms/webapp-linux
2025-08-07T14:19:18.461013803Z NodeJS quickstart: https://aka.ms/node-qs
2025-08-07T14:19:18.461017003Z NodeJS Version : v20.19.3
2025-08-07T14:19:18.461020003Z Note: Any data outside '/home' is not persisted
2025-08-07T14:19:18.461023203Z 
2025-08-07T14:19:24.261580302Z Starting OpenBSD Secure Shell server: sshd.
2025-08-07T14:19:24.272831346Z WEBSITES_INCLUDE_CLOUD_CERTS is not set to true.
2025-08-07T14:19:24.318354927Z Updating certificates in /etc/ssl/certs...
2025-08-07T14:19:35.495465916Z rehash: warning: skipping ca-certificates.crt,it does not contain exactly one certificate or CRL
2025-08-07T14:19:35.688160082Z 4 added, 0 removed; done.
2025-08-07T14:19:35.695641501Z Running hooks in /etc/ca-certificates/update.d...
2025-08-07T14:19:35.705056523Z done.
2025-08-07T14:19:35.793931439Z CA certificates copied and updated successfully.
2025-08-07T14:19:36.880986556Z Starting periodic command scheduler: cron.
2025-08-07T14:19:37.340716805Z Found build manifest file at '/home/site/wwwroot/oryx-manifest.toml'. Deserializing it...
2025-08-07T14:19:37.348821331Z Could not find operation ID in manifest. Generating an operation id...
2025-08-07T14:19:37.348840331Z Build Operation ID: bd490630-5a75-4f24-86a9-73a16b25fe2c
2025-08-07T14:19:37.960982827Z Environment Variables for Application Insight's IPA Codeless Configuration exists..
2025-08-07T14:19:37.961023027Z Writing output script to '/opt/startup/startup.sh'
2025-08-07T14:19:38.061120253Z Running #!/bin/sh
2025-08-07T14:19:38.061164554Z 
2025-08-07T14:19:38.061168854Z # Enter the source directory to make sure the script runs where the user expects
2025-08-07T14:19:38.061197854Z cd "/home/site/wwwroot"
2025-08-07T14:19:38.061202154Z 
2025-08-07T14:19:38.061205654Z export NODE_PATH=/usr/local/lib/node_modules:$NODE_PATH
2025-08-07T14:19:38.061208954Z if [ -z "$PORT" ]; then
2025-08-07T14:19:38.061212154Z 		export PORT=8080
2025-08-07T14:19:38.061237054Z fi
2025-08-07T14:19:38.061240454Z 
2025-08-07T14:19:38.061243454Z echo Found tar.gz based node_modules.
2025-08-07T14:19:38.061258054Z extractionCommand="tar -xzf node_modules.tar.gz -C /node_modules"
2025-08-07T14:19:38.061262254Z echo "Removing existing modules directory from root..."
2025-08-07T14:19:38.061265554Z rm -fr /node_modules
2025-08-07T14:19:38.061268754Z mkdir -p /node_modules
2025-08-07T14:19:38.061271754Z echo Extracting modules...
2025-08-07T14:19:38.061274854Z $extractionCommand
2025-08-07T14:19:38.061278054Z export NODE_PATH="/node_modules":$NODE_PATH
2025-08-07T14:19:38.061281354Z export PATH=/node_modules/.bin:$PATH
2025-08-07T14:19:38.061284454Z if [ -d node_modules ]; then
2025-08-07T14:19:38.061287454Z     mv -f node_modules _del_node_modules || true
2025-08-07T14:19:38.061290754Z fi
2025-08-07T14:19:38.061293754Z 
2025-08-07T14:19:38.061296654Z if [ -d /node_modules ]; then
2025-08-07T14:19:38.061299754Z     ln -sfn /node_modules ./node_modules 
2025-08-07T14:19:38.061303054Z fi
2025-08-07T14:19:38.061306054Z 
2025-08-07T14:19:38.061326654Z echo "Done."
2025-08-07T14:19:38.061329954Z npm start
2025-08-07T14:19:38.076101302Z Found tar.gz based node_modules.
2025-08-07T14:19:38.076736004Z Removing existing modules directory from root...
2025-08-07T14:19:38.112761322Z Extracting modules...
2025-08-07T14:20:16.772297752Z Done.
2025-08-07T14:20:20.305845578Z npm info using npm@10.9.2
2025-08-07T14:20:20.313793611Z npm info using node@v20.19.3
2025-08-07T14:20:22.240012807Z 
2025-08-07T14:20:22.240079107Z > ursafespacefinal@0.1.0 start
2025-08-07T14:20:22.240086607Z > node server.js
2025-08-07T14:20:22.240089907Z 
2025-08-07T14:20:25.087533576Z Starting server in production mode
2025-08-07T14:20:25.089270784Z Hostname: 0.0.0.0, Port: 8080
2025-08-07T14:20:29.919446406Z Failed to start server: [Error: Could not find a production build in the '.next' directory. Try building your app with 'next build' before starting the production server. https://nextjs.org/docs/messages/production-start-no-build-id]
2025-08-07T14:20:29.966311903Z npm http fetch GET 200 https://registry.npmjs.org/npm 562ms
2025-08-07T14:20:29.993853219Z npm notice
2025-08-07T14:20:29.993867619Z npm notice New major version of npm available! 10.9.2 -> 11.5.2
2025-08-07T14:20:29.993945420Z npm notice Changelog: https://github.com/npm/cli/releases/tag/v11.5.2
2025-08-07T14:20:29.993954720Z npm notice To update run: npm install -g npm@11.5.2
2025-08-07T14:20:29.993958020Z npm notice

2025-08-07T14:34:30.776309112Z    _____                               
2025-08-07T14:34:30.776385713Z   /  _  \ __________ _________   ____  
2025-08-07T14:34:30.776391313Z  /  /_\  \\___   /  |  \_  __ \_/ __ \ 
2025-08-07T14:34:30.776394813Z /    |    \/    /|  |  /|  | \/\  ___/ 
2025-08-07T14:34:30.776398013Z \____|__  /_____ \____/ |__|    \___  >
2025-08-07T14:34:30.776401513Z         \/      \/                  \/ 
2025-08-07T14:34:30.776404513Z A P P   S E R V I C E   O N   L I N U X
2025-08-07T14:34:30.776407613Z 
2025-08-07T14:34:30.776427913Z Documentation: http://aka.ms/webapp-linux
2025-08-07T14:34:30.776431313Z NodeJS quickstart: https://aka.ms/node-qs
2025-08-07T14:34:30.776434313Z NodeJS Version : v20.19.3
2025-08-07T14:34:30.776437513Z Note: Any data outside '/home' is not persisted
2025-08-07T14:34:30.776440613Z 
2025-08-07T14:34:36.332258618Z Starting OpenBSD Secure Shell server: sshd.
2025-08-07T14:34:36.403112153Z WEBSITES_INCLUDE_CLOUD_CERTS is not set to true.
2025-08-07T14:34:36.523106322Z Updating certificates in /etc/ssl/certs...
2025-08-07T14:34:49.053225049Z rehash: warning: skipping ca-certificates.crt,it does not contain exactly one certificate or CRL
2025-08-07T14:34:49.053505051Z 4 added, 0 removed; done.
2025-08-07T14:34:49.053512651Z Running hooks in /etc/ca-certificates/update.d...
2025-08-07T14:34:49.053517151Z done.
2025-08-07T14:34:49.054121754Z CA certificates copied and updated successfully.
2025-08-07T14:34:50.100822811Z Starting periodic command scheduler: cron.
2025-08-07T14:34:50.731847599Z Found build manifest file at '/home/site/wwwroot/oryx-manifest.toml'. Deserializing it...
2025-08-07T14:34:50.731876099Z Could not find operation ID in manifest. Generating an operation id...
2025-08-07T14:34:50.731881099Z Build Operation ID: e302086a-20fe-44df-a6ae-1f88306cc48b
2025-08-07T14:34:51.476028123Z Environment Variables for Application Insight's IPA Codeless Configuration exists..
2025-08-07T14:34:51.496104918Z Writing output script to '/opt/startup/startup.sh'
2025-08-07T14:34:51.577780205Z Running #!/bin/sh
2025-08-07T14:34:51.578455008Z 
2025-08-07T14:34:51.578469608Z # Enter the source directory to make sure the script runs where the user expects
2025-08-07T14:34:51.578473808Z cd "/home/site/wwwroot"
2025-08-07T14:34:51.578477508Z 
2025-08-07T14:34:51.578481308Z export NODE_PATH=/usr/local/lib/node_modules:$NODE_PATH
2025-08-07T14:34:51.578484708Z if [ -z "$PORT" ]; then
2025-08-07T14:34:51.578488408Z 		export PORT=8080
2025-08-07T14:34:51.578492508Z fi
2025-08-07T14:34:51.578495708Z 
2025-08-07T14:34:51.578498809Z echo Found tar.gz based node_modules.
2025-08-07T14:34:51.578514909Z extractionCommand="tar -xzf node_modules.tar.gz -C /node_modules"
2025-08-07T14:34:51.578519009Z echo "Removing existing modules directory from root..."
2025-08-07T14:34:51.578522509Z rm -fr /node_modules
2025-08-07T14:34:51.578605509Z mkdir -p /node_modules
2025-08-07T14:34:51.578618109Z echo Extracting modules...
2025-08-07T14:34:51.578621609Z $extractionCommand
2025-08-07T14:34:51.578624809Z export NODE_PATH="/node_modules":$NODE_PATH
2025-08-07T14:34:51.578628209Z export PATH=/node_modules/.bin:$PATH
2025-08-07T14:34:51.578631609Z if [ -d node_modules ]; then
2025-08-07T14:34:51.578634809Z     mv -f node_modules _del_node_modules || true
2025-08-07T14:34:51.578638309Z fi
2025-08-07T14:34:51.578641409Z 
2025-08-07T14:34:51.578644609Z if [ -d /node_modules ]; then
2025-08-07T14:34:51.578647909Z     ln -sfn /node_modules ./node_modules 
2025-08-07T14:34:51.578651109Z fi
2025-08-07T14:34:51.578654309Z 
2025-08-07T14:34:51.578711510Z echo "Done."
2025-08-07T14:34:51.578737810Z node server.js
2025-08-07T14:34:51.622675718Z Found tar.gz based node_modules.
2025-08-07T14:34:51.622698918Z Removing existing modules directory from root...
2025-08-07T14:34:51.659173891Z Extracting modules...
2025-08-07T14:35:26.554861413Z Done.
2025-08-07T14:35:33.033288404Z Starting server in production mode
2025-08-07T14:35:33.034137806Z Hostname: 0.0.0.0, Port: 8080
2025-08-07T14:35:39.864697837Z Failed to start server: [Error: Could not find a production build in the '.next' directory. Try building your app with 'next build' before starting the production server. https://nextjs.org/docs/messages/production-start-no-build-id]

2025-08-07T14:38:15.059421111Z    _____                               
2025-08-07T14:38:15.059471611Z   /  _  \ __________ _________   ____  
2025-08-07T14:38:15.059477411Z  /  /_\  \\___   /  |  \_  __ \_/ __ \ 
2025-08-07T14:38:15.059481311Z /    |    \/    /|  |  /|  | \/\  ___/ 
2025-08-07T14:38:15.059484811Z \____|__  /_____ \____/ |__|    \___  >
2025-08-07T14:38:15.059488611Z         \/      \/                  \/ 
2025-08-07T14:38:15.059492211Z A P P   S E R V I C E   O N   L I N U X
2025-08-07T14:38:15.059495911Z 
2025-08-07T14:38:15.059499111Z Documentation: http://aka.ms/webapp-linux
2025-08-07T14:38:15.059502411Z NodeJS quickstart: https://aka.ms/node-qs
2025-08-07T14:38:15.059505711Z NodeJS Version : v20.19.3
2025-08-07T14:38:15.059509011Z Note: Any data outside '/home' is not persisted
2025-08-07T14:38:15.059513111Z 
2025-08-07T14:38:20.353695737Z Starting OpenBSD Secure Shell server: sshd.
2025-08-07T14:38:20.378256741Z WEBSITES_INCLUDE_CLOUD_CERTS is not set to true.
2025-08-07T14:38:20.445463325Z Updating certificates in /etc/ssl/certs...
2025-08-07T14:38:32.579399459Z rehash: warning: skipping ca-certificates.crt,it does not contain exactly one certificate or CRL
2025-08-07T14:38:32.752031811Z 4 added, 0 removed; done.
2025-08-07T14:38:32.754352921Z Running hooks in /etc/ca-certificates/update.d...
2025-08-07T14:38:32.777488821Z done.
2025-08-07T14:38:32.808313656Z CA certificates copied and updated successfully.
2025-08-07T14:38:33.014836354Z Starting periodic command scheduler: cron.
2025-08-07T14:38:33.318676278Z Found build manifest file at '/home/site/wwwroot/oryx-manifest.toml'. Deserializing it...
2025-08-07T14:38:33.321394589Z Could not find operation ID in manifest. Generating an operation id...
2025-08-07T14:38:33.338669065Z Build Operation ID: 45beefae-d379-40f7-b65a-52f65b925186
2025-08-07T14:38:33.601071207Z Environment Variables for Application Insight's IPA Codeless Configuration exists..
2025-08-07T14:38:33.634066451Z Writing output script to '/opt/startup/startup.sh'
2025-08-07T14:38:33.835911730Z Running #!/bin/sh
2025-08-07T14:38:33.835941230Z 
2025-08-07T14:38:33.835945830Z # Enter the source directory to make sure the script runs where the user expects
2025-08-07T14:38:33.835949930Z cd "/home/site/wwwroot"
2025-08-07T14:38:33.835953430Z 
2025-08-07T14:38:33.835957830Z export NODE_PATH=/usr/local/lib/node_modules:$NODE_PATH
2025-08-07T14:38:33.835961430Z if [ -z "$PORT" ]; then
2025-08-07T14:38:33.835974130Z 		export PORT=8080
2025-08-07T14:38:33.835979230Z fi
2025-08-07T14:38:33.835982730Z 
2025-08-07T14:38:33.835985930Z echo Found tar.gz based node_modules.
2025-08-07T14:38:33.836003730Z extractionCommand="tar -xzf node_modules.tar.gz -C /node_modules"
2025-08-07T14:38:33.836007931Z echo "Removing existing modules directory from root..."
2025-08-07T14:38:33.836011631Z rm -fr /node_modules
2025-08-07T14:38:33.836014931Z mkdir -p /node_modules
2025-08-07T14:38:33.836018231Z echo Extracting modules...
2025-08-07T14:38:33.836021431Z $extractionCommand
2025-08-07T14:38:33.836024731Z export NODE_PATH="/node_modules":$NODE_PATH
2025-08-07T14:38:33.836028131Z export PATH=/node_modules/.bin:$PATH
2025-08-07T14:38:33.836031431Z if [ -d node_modules ]; then
2025-08-07T14:38:33.836034731Z     mv -f node_modules _del_node_modules || true
2025-08-07T14:38:33.836038031Z fi
2025-08-07T14:38:33.836041231Z 
2025-08-07T14:38:33.836044331Z if [ -d /node_modules ]; then
2025-08-07T14:38:33.836047531Z     ln -sfn /node_modules ./node_modules 
2025-08-07T14:38:33.836050931Z fi
2025-08-07T14:38:33.836054131Z 
2025-08-07T14:38:33.836057231Z echo "Done."
2025-08-07T14:38:33.855412415Z PATH="$PATH:/home/site/wwwroot" node server.js
2025-08-07T14:38:33.888898861Z Found tar.gz based node_modules.
2025-08-07T14:38:33.889097962Z Removing existing modules directory from root...
2025-08-07T14:38:33.951157232Z Extracting modules...
2025-08-07T14:39:12.529947207Z Done.
2025-08-07T14:39:15.013288794Z Starting server in production mode
2025-08-07T14:39:15.018697518Z Hostname: 0.0.0.0, Port: 8080
2025-08-07T14:39:20.492022868Z Failed to start server: [Error: Could not find a production build in the '.next' directory. Try building your app with 'next build' before starting the production server. https://nextjs.org/docs/messages/production-start-no-build-id]

2025-08-07T14:47:19.117425974Z    _____                               
2025-08-07T14:47:19.117487574Z   /  _  \ __________ _________   ____  
2025-08-07T14:47:19.117493474Z  /  /_\  \\___   /  |  \_  __ \_/ __ \ 
2025-08-07T14:47:19.117497174Z /    |    \/    /|  |  /|  | \/\  ___/ 
2025-08-07T14:47:19.117500474Z \____|__  /_____ \____/ |__|    \___  >
2025-08-07T14:47:19.117504375Z         \/      \/                  \/ 
2025-08-07T14:47:19.117512275Z A P P   S E R V I C E   O N   L I N U X
2025-08-07T14:47:19.117515775Z 
2025-08-07T14:47:19.117518775Z Documentation: http://aka.ms/webapp-linux
2025-08-07T14:47:19.117521875Z NodeJS quickstart: https://aka.ms/node-qs
2025-08-07T14:47:19.117524975Z NodeJS Version : v20.19.3
2025-08-07T14:47:19.117528075Z Note: Any data outside '/home' is not persisted
2025-08-07T14:47:19.117531275Z 
2025-08-07T14:47:33.503292285Z Starting OpenBSD Secure Shell server: sshd.
2025-08-07T14:47:33.522796580Z WEBSITES_INCLUDE_CLOUD_CERTS is not set to true.
2025-08-07T14:47:33.568782803Z Updating certificates in /etc/ssl/certs...
2025-08-07T14:47:51.070966591Z rehash: warning: skipping ca-certificates.crt,it does not contain exactly one certificate or CRL
2025-08-07T14:47:51.239127815Z 4 added, 0 removed; done.
2025-08-07T14:47:51.239170315Z Running hooks in /etc/ca-certificates/update.d...
2025-08-07T14:47:51.246942053Z done.
2025-08-07T14:47:51.283782134Z CA certificates copied and updated successfully.
2025-08-07T14:47:51.695065649Z Starting periodic command scheduler: cron.
2025-08-07T14:47:52.002206050Z Found build manifest file at '/home/site/wwwroot/oryx-manifest.toml'. Deserializing it...
2025-08-07T14:47:52.072770992Z Could not find operation ID in manifest. Generating an operation id...
2025-08-07T14:47:52.072795992Z Build Operation ID: 7f058921-1f3a-429c-8059-2c196a9b5912
2025-08-07T14:47:52.931381953Z Environment Variables for Application Insight's IPA Codeless Configuration exists..
2025-08-07T14:47:52.931406053Z Writing output script to '/opt/startup/startup.sh'
2025-08-07T14:47:53.109039914Z Running #!/bin/sh
2025-08-07T14:47:53.109067114Z 
2025-08-07T14:47:53.109072114Z # Enter the source directory to make sure the script runs where the user expects
2025-08-07T14:47:53.109076114Z cd "/home/site/wwwroot"
2025-08-07T14:47:53.109080114Z 
2025-08-07T14:47:53.109083414Z export NODE_PATH=/usr/local/lib/node_modules:$NODE_PATH
2025-08-07T14:47:53.109087214Z if [ -z "$PORT" ]; then
2025-08-07T14:47:53.109090814Z 		export PORT=8080
2025-08-07T14:47:53.109094614Z fi
2025-08-07T14:47:53.109097814Z 
2025-08-07T14:47:53.109101014Z echo Found tar.gz based node_modules.
2025-08-07T14:47:53.109119214Z extractionCommand="tar -xzf node_modules.tar.gz -C /node_modules"
2025-08-07T14:47:53.109123414Z echo "Removing existing modules directory from root..."
2025-08-07T14:47:53.109126814Z rm -fr /node_modules
2025-08-07T14:47:53.109130114Z mkdir -p /node_modules
2025-08-07T14:47:53.109133414Z echo Extracting modules...
2025-08-07T14:47:53.109136614Z $extractionCommand
2025-08-07T14:47:53.109139814Z export NODE_PATH="/node_modules":$NODE_PATH
2025-08-07T14:47:53.109143314Z export PATH=/node_modules/.bin:$PATH
2025-08-07T14:47:53.109146714Z if [ -d node_modules ]; then
2025-08-07T14:47:53.109149914Z     mv -f node_modules _del_node_modules || true
2025-08-07T14:47:53.109153214Z fi
2025-08-07T14:47:53.109156514Z 
2025-08-07T14:47:53.109159714Z if [ -d /node_modules ]; then
2025-08-07T14:47:53.109163014Z     ln -sfn /node_modules ./node_modules 
2025-08-07T14:47:53.109166314Z fi
2025-08-07T14:47:53.109169514Z 
2025-08-07T14:47:53.109172714Z echo "Done."
2025-08-07T14:47:53.109176014Z PATH="$PATH:/home/site/wwwroot" node server.js
2025-08-07T14:47:53.109179514Z Found tar.gz based node_modules.
2025-08-07T14:47:53.109182814Z Removing existing modules directory from root...
2025-08-07T14:47:53.375472805Z Extracting modules...
2025-08-07T14:48:40.632581545Z Done.
2025-08-07T14:48:42.882312036Z Starting server in production mode
2025-08-07T14:48:42.888487066Z Hostname: 0.0.0.0, Port: 8080
2025-08-07T14:48:48.112828706Z Failed to start server: [Error: Could not find a production build in the '.next' directory. Try building your app with 'next build' before starting the production server. https://nextjs.org/docs/messages/production-start-no-build-id]

