2025-08-07T13:27:04.1973546Z Container start method called.
2025-08-07T13:27:04.2364180Z Establishing network.
2025-08-07T13:27:04.2540372Z Pulling image: appsvc/node:20-lts_20250724.2.tuxprod.
2025-08-07T13:28:41.2563533Z Image appsvc/node:20-lts_20250724.2.tuxprod is pulled from registry mcr.microsoft.com
2025-08-07T13:28:41.2700833Z Container is starting.
2025-08-07T13:28:41.2739471Z Establishing user namespace if not established already.
2025-08-07T13:28:41.2762005Z Establishing network if not established already.
2025-08-07T13:28:41.2839457Z Mounting volumes.
2025-08-07T13:28:41.2867487Z Nested mountpoint 
2025-08-07T13:28:41.3255586Z Nested mountpoint volatile/logs
2025-08-07T13:28:41.3522349Z Nested mountpoint 
2025-08-07T13:28:41.5010899Z Nested mountpoint 
2025-08-07T13:28:41.5185224Z Nested mountpoint 
2025-08-07T13:28:41.5805820Z Nested mountpoint 
2025-08-07T13:28:41.6176618Z Nested mountpoint 
2025-08-07T13:29:18.9710181Z Creating container.
2025-08-07T13:29:18.9717504Z Creating pipes for streaming container io.
2025-08-07T13:29:18.9776391Z Creating stdout named pipe at /podr/container/pipe/0b3a7933d49a_ursafespace/stdout_2cf003a8a1f84aecb07868c614f67a00.
2025-08-07T13:29:18.9879383Z Successfully created stdout named pipe at: /podr/container/pipe/0b3a7933d49a_ursafespace/stdout_2cf003a8a1f84aecb07868c614f67a00.
2025-08-07T13:29:18.9898313Z Opening named pipe /podr/container/pipe/0b3a7933d49a_ursafespace/stdout_2cf003a8a1f84aecb07868c614f67a00 for reading in non-blocking mode.
2025-08-07T13:29:19.0189722Z Successfully opened named pipe: /podr/container/pipe/0b3a7933d49a_ursafespace/stdout_2cf003a8a1f84aecb07868c614f67a00.
2025-08-07T13:29:19.0207096Z Successfully removed non-blocking flag from /podr/container/pipe/0b3a7933d49a_ursafespace/stdout_2cf003a8a1f84aecb07868c614f67a00.
2025-08-07T13:29:19.0282826Z Creating stderr named pipe at /podr/container/pipe/0b3a7933d49a_ursafespace/stderr_5a409383e653473ab4672135cb8ab9c2.
2025-08-07T13:29:19.0299458Z Successfully created stderr named pipe at: /podr/container/pipe/0b3a7933d49a_ursafespace/stderr_5a409383e653473ab4672135cb8ab9c2.
2025-08-07T13:29:19.0384824Z Opening named pipe /podr/container/pipe/0b3a7933d49a_ursafespace/stderr_5a409383e653473ab4672135cb8ab9c2 for reading in non-blocking mode.
2025-08-07T13:29:19.0466887Z Successfully opened named pipe: /podr/container/pipe/0b3a7933d49a_ursafespace/stderr_5a409383e653473ab4672135cb8ab9c2.
2025-08-07T13:29:19.0486683Z Successfully removed non-blocking flag from /podr/container/pipe/0b3a7933d49a_ursafespace/stderr_5a409383e653473ab4672135cb8ab9c2.
2025-08-07T13:29:19.0568075Z Creating container with image: appsvc/node:20-lts_20250724.2.tuxprod from registry: mcr.microsoft.com and fully qualified image name: mcr.microsoft.com/appsvc/node:20-lts_20250724.2.tuxprod
2025-08-07T13:29:21.5171412Z Starting container: 0b3a7933d49a_ursafespace.
2025-08-07T13:29:21.8309534Z Starting watchers and probes.
2025-08-07T13:29:21.8503891Z Starting metrics collection.
2025-08-07T13:29:21.8562274Z Container is running.
2025-08-07T13:29:24.5123284Z Container start method finished after 140314 ms.
2025-08-07T13:29:54.9525567Z Site startup probe succeeded after 30.2114614 seconds.
2025-08-07T13:29:55.3805707Z Site started.
2025-08-07T13:36:58.4300334Z Container start method called.
2025-08-07T13:36:58.4307712Z Establishing network.
2025-08-07T13:36:58.4314721Z Pulling image: appsvc/node:20-lts_20250724.2.tuxprod.
2025-08-07T13:37:07.8643513Z Container is starting.
2025-08-07T13:37:07.8650098Z Establishing user namespace if not established already.
2025-08-07T13:37:07.8655350Z Establishing network if not established already.
2025-08-07T13:37:07.8715454Z Mounting volumes.
2025-08-07T13:37:07.8913273Z Nested mountpoint 
2025-08-07T13:37:07.9681436Z Nested mountpoint volatile/logs
2025-08-07T13:37:07.9878702Z Nested mountpoint 
2025-08-07T13:37:07.9989655Z Nested mountpoint 
2025-08-07T13:37:08.0468193Z Nested mountpoint 
2025-08-07T13:37:08.0643161Z Nested mountpoint 
2025-08-07T13:37:08.0751903Z Nested mountpoint 
2025-08-07T13:37:09.6329949Z Creating container.
2025-08-07T13:37:09.6414750Z Creating pipes for streaming container io.
2025-08-07T13:37:09.6498704Z Creating stdout named pipe at /podr/container/pipe/a7d05a14db67_ursafespace/stdout_8a300fe2afdb45ffaa5f20f177818524.
2025-08-07T13:37:09.6513338Z Successfully created stdout named pipe at: /podr/container/pipe/a7d05a14db67_ursafespace/stdout_8a300fe2afdb45ffaa5f20f177818524.
2025-08-07T13:37:09.6520572Z Opening named pipe /podr/container/pipe/a7d05a14db67_ursafespace/stdout_8a300fe2afdb45ffaa5f20f177818524 for reading in non-blocking mode.
2025-08-07T13:37:09.6589988Z Successfully opened named pipe: /podr/container/pipe/a7d05a14db67_ursafespace/stdout_8a300fe2afdb45ffaa5f20f177818524.
2025-08-07T13:37:09.6614990Z Successfully removed non-blocking flag from /podr/container/pipe/a7d05a14db67_ursafespace/stdout_8a300fe2afdb45ffaa5f20f177818524.
2025-08-07T13:37:09.6693471Z Creating stderr named pipe at /podr/container/pipe/a7d05a14db67_ursafespace/stderr_05e7d9e3c6714767b602a26ea11c0f29.
2025-08-07T13:37:09.6786497Z Successfully created stderr named pipe at: /podr/container/pipe/a7d05a14db67_ursafespace/stderr_05e7d9e3c6714767b602a26ea11c0f29.
2025-08-07T13:37:09.6862733Z Opening named pipe /podr/container/pipe/a7d05a14db67_ursafespace/stderr_05e7d9e3c6714767b602a26ea11c0f29 for reading in non-blocking mode.
2025-08-07T13:37:09.6880850Z Successfully opened named pipe: /podr/container/pipe/a7d05a14db67_ursafespace/stderr_05e7d9e3c6714767b602a26ea11c0f29.
2025-08-07T13:37:09.7252353Z Successfully removed non-blocking flag from /podr/container/pipe/a7d05a14db67_ursafespace/stderr_05e7d9e3c6714767b602a26ea11c0f29.
2025-08-07T13:37:09.7261155Z Creating container with image: appsvc/node:20-lts_20250724.2.tuxprod from registry: mcr.microsoft.com and fully qualified image name: mcr.microsoft.com/appsvc/node:20-lts_20250724.2.tuxprod
2025-08-07T13:37:12.1550840Z Starting container: a7d05a14db67_ursafespace.
2025-08-07T13:37:12.4724733Z Starting watchers and probes.
2025-08-07T13:37:12.4821509Z Starting metrics collection.
2025-08-07T13:37:12.4832507Z Container is running.
2025-08-07T13:37:12.9467622Z Container start method finished after 14507 ms.
2025-08-07T13:38:36.2352864Z Site startup probe succeeded after 83.1813164 seconds.
2025-08-07T13:38:36.3640041Z Site started.
2025-08-07T13:38:56.6459080Z Container is terminating. Grace period: 5 seconds.
2025-08-07T13:38:56.6663011Z Stop and delete container. Retry count = 0
2025-08-07T13:38:56.6733171Z Stopping container: 0b3a7933d49a_ursafespace.
2025-08-07T13:38:56.8762795Z Deleting container: 0b3a7933d49a_ursafespace. Retry count = 0
2025-08-07T13:38:57.4812700Z Container spec TerminationMessagePolicy  path 
2025-08-07T13:38:57.4913667Z Container is terminated. Total time elapsed: 844 ms.
2025-08-07T13:38:57.5025674Z Site: ursafespace stopped.
2025-08-07T13:49:53.8622273Z Container start method called.
2025-08-07T13:49:53.8646694Z Establishing network.
2025-08-07T13:49:53.8706962Z Pulling image: appsvc/node:20-lts_20250724.2.tuxprod.
2025-08-07T13:49:57.2482866Z Container is starting.
2025-08-07T13:49:57.2494865Z Establishing user namespace if not established already.
2025-08-07T13:49:57.2549041Z Establishing network if not established already.
2025-08-07T13:49:57.2560447Z Mounting volumes.
2025-08-07T13:49:57.2586625Z Nested mountpoint 
2025-08-07T13:49:57.3362056Z Nested mountpoint volatile/logs
2025-08-07T13:49:57.3571415Z Nested mountpoint 
2025-08-07T13:49:57.4491856Z Nested mountpoint 
2025-08-07T13:49:57.4560221Z Nested mountpoint 
2025-08-07T13:49:57.4840447Z Nested mountpoint 
2025-08-07T13:49:57.5312708Z Nested mountpoint 
2025-08-07T13:49:58.1498888Z Creating container.
2025-08-07T13:49:58.1502157Z Creating pipes for streaming container io.
2025-08-07T13:49:58.1579020Z Creating stdout named pipe at /podr/container/pipe/20674877ffa3_ursafespace/stdout_1c420486deee4d98a2f22cfb90f65da7.
2025-08-07T13:49:58.1593855Z Successfully created stdout named pipe at: /podr/container/pipe/20674877ffa3_ursafespace/stdout_1c420486deee4d98a2f22cfb90f65da7.
2025-08-07T13:49:58.1600748Z Opening named pipe /podr/container/pipe/20674877ffa3_ursafespace/stdout_1c420486deee4d98a2f22cfb90f65da7 for reading in non-blocking mode.
2025-08-07T13:49:58.1607580Z Successfully opened named pipe: /podr/container/pipe/20674877ffa3_ursafespace/stdout_1c420486deee4d98a2f22cfb90f65da7.
2025-08-07T13:49:58.1669645Z Successfully removed non-blocking flag from /podr/container/pipe/20674877ffa3_ursafespace/stdout_1c420486deee4d98a2f22cfb90f65da7.
2025-08-07T13:49:58.1672610Z Creating stderr named pipe at /podr/container/pipe/20674877ffa3_ursafespace/stderr_27c18f93fff24efb8f238a6167ad22c1.
2025-08-07T13:49:58.1675610Z Successfully created stderr named pipe at: /podr/container/pipe/20674877ffa3_ursafespace/stderr_27c18f93fff24efb8f238a6167ad22c1.
2025-08-07T13:49:58.1677246Z Opening named pipe /podr/container/pipe/20674877ffa3_ursafespace/stderr_27c18f93fff24efb8f238a6167ad22c1 for reading in non-blocking mode.
2025-08-07T13:49:58.1679026Z Successfully opened named pipe: /podr/container/pipe/20674877ffa3_ursafespace/stderr_27c18f93fff24efb8f238a6167ad22c1.
2025-08-07T13:49:58.1680531Z Successfully removed non-blocking flag from /podr/container/pipe/20674877ffa3_ursafespace/stderr_27c18f93fff24efb8f238a6167ad22c1.
2025-08-07T13:49:58.1694053Z Creating container with image: appsvc/node:20-lts_20250724.2.tuxprod from registry: mcr.microsoft.com and fully qualified image name: mcr.microsoft.com/appsvc/node:20-lts_20250724.2.tuxprod
2025-08-07T13:49:59.0516924Z Starting container: 20674877ffa3_ursafespace.
2025-08-07T13:49:59.2941257Z Starting watchers and probes.
2025-08-07T13:49:59.3140783Z Starting metrics collection.
2025-08-07T13:49:59.3332557Z Container is running.
2025-08-07T13:50:00.5768298Z Container start method finished after 6713 ms.
2025-08-07T13:51:03.4061432Z Container has finished running with exit code: 1.
2025-08-07T13:51:03.4090656Z Container is terminating. Grace period: 5 seconds.
2025-08-07T13:51:03.4259032Z Stop and delete container. Retry count = 0
2025-08-07T13:51:03.4272386Z Stopping container: 20674877ffa3_ursafespace.
2025-08-07T13:51:03.5339214Z Deleting container: 20674877ffa3_ursafespace. Retry count = 0
2025-08-07T13:51:06.2217534Z Container spec TerminationMessagePolicy  path 
2025-08-07T13:51:06.2460315Z Container is terminated. Total time elapsed: 2828 ms.
2025-08-07T13:51:06.2553032Z Site container: ursafespace terminated during site startup.
2025-08-07T13:51:06.2927407Z Site startup probe failed after 65.5744806 seconds.
2025-08-07T13:51:06.3931626Z Failed to start site. Revert by stopping site.
2025-08-07T13:51:06.4186404Z Site: ursafespace stopped.
2025-08-07T13:51:28.1830613Z Container is terminating. Grace period: 5 seconds.
2025-08-07T13:51:28.2380777Z Stop and delete container. Retry count = 0
2025-08-07T13:51:28.2414432Z Stopping container: a7d05a14db67_ursafespace.
2025-08-07T13:51:28.5441886Z Deleting container: a7d05a14db67_ursafespace. Retry count = 0
2025-08-07T13:51:29.5699352Z Container spec TerminationMessagePolicy  path 
2025-08-07T13:51:29.5772124Z Container is terminated. Total time elapsed: 1384 ms.
2025-08-07T13:51:29.5787599Z Site: ursafespace stopped.
2025-08-07T14:02:30.0287607Z Container start method called.
2025-08-07T14:02:30.0313263Z Establishing network.
2025-08-07T14:02:30.0314751Z Pulling image: appsvc/node:20-lts_20250724.2.tuxprod.
2025-08-07T14:02:38.5497744Z Container is starting.
2025-08-07T14:02:38.5846083Z Establishing user namespace if not established already.
2025-08-07T14:02:38.5935769Z Establishing network if not established already.
2025-08-07T14:02:38.6043141Z Mounting volumes.
2025-08-07T14:02:38.6340586Z Nested mountpoint 
2025-08-07T14:02:38.7679867Z Nested mountpoint volatile/logs
2025-08-07T14:02:38.8441994Z Nested mountpoint 
2025-08-07T14:02:38.8902019Z Nested mountpoint 
2025-08-07T14:02:38.9663496Z Nested mountpoint 
2025-08-07T14:02:39.1856276Z Nested mountpoint 
2025-08-07T14:02:39.3898348Z Nested mountpoint 
2025-08-07T14:02:42.9667953Z Creating container.
2025-08-07T14:02:42.9923509Z Creating pipes for streaming container io.
2025-08-07T14:02:42.9942229Z Creating stdout named pipe at /podr/container/pipe/23542c743272_ursafespace/stdout_061e769f7da1451bad8127318b8b1f82.
2025-08-07T14:02:43.0050209Z Successfully created stdout named pipe at: /podr/container/pipe/23542c743272_ursafespace/stdout_061e769f7da1451bad8127318b8b1f82.
2025-08-07T14:02:43.0113628Z Opening named pipe /podr/container/pipe/23542c743272_ursafespace/stdout_061e769f7da1451bad8127318b8b1f82 for reading in non-blocking mode.
2025-08-07T14:02:43.0139658Z Successfully opened named pipe: /podr/container/pipe/23542c743272_ursafespace/stdout_061e769f7da1451bad8127318b8b1f82.
2025-08-07T14:02:43.0219296Z Successfully removed non-blocking flag from /podr/container/pipe/23542c743272_ursafespace/stdout_061e769f7da1451bad8127318b8b1f82.
2025-08-07T14:02:43.0235332Z Creating stderr named pipe at /podr/container/pipe/23542c743272_ursafespace/stderr_fdbeeadc7bdd4dc1b61d486829441267.
2025-08-07T14:02:43.0311576Z Successfully created stderr named pipe at: /podr/container/pipe/23542c743272_ursafespace/stderr_fdbeeadc7bdd4dc1b61d486829441267.
2025-08-07T14:02:43.0323462Z Opening named pipe /podr/container/pipe/23542c743272_ursafespace/stderr_fdbeeadc7bdd4dc1b61d486829441267 for reading in non-blocking mode.
2025-08-07T14:02:43.0401571Z Successfully opened named pipe: /podr/container/pipe/23542c743272_ursafespace/stderr_fdbeeadc7bdd4dc1b61d486829441267.
2025-08-07T14:02:43.0489211Z Successfully removed non-blocking flag from /podr/container/pipe/23542c743272_ursafespace/stderr_fdbeeadc7bdd4dc1b61d486829441267.
2025-08-07T14:02:43.2033713Z Creating container with image: appsvc/node:20-lts_20250724.2.tuxprod from registry: mcr.microsoft.com and fully qualified image name: mcr.microsoft.com/appsvc/node:20-lts_20250724.2.tuxprod
2025-08-07T14:02:45.9329011Z Starting container: 23542c743272_ursafespace.
2025-08-07T14:02:46.3060762Z Starting watchers and probes.
2025-08-07T14:02:46.4207587Z Starting metrics collection.
2025-08-07T14:02:46.5282964Z Container is running.
2025-08-07T14:02:47.2522584Z Container start method finished after 17186 ms.
2025-08-07T14:04:48.9065499Z Container get mounts received unexpected exception.
2025-08-07T14:04:48.9240488Z Container get mounts received unexpected exception.
2025-08-07T14:04:48.9454448Z Container has finished running with exit code: 1.
2025-08-07T14:04:48.9627705Z Container is terminating. Grace period: 5 seconds.
2025-08-07T14:04:48.9833487Z Stop and delete container. Retry count = 0
2025-08-07T14:04:48.9837740Z Stopping container: 23542c743272_ursafespace.
2025-08-07T14:04:49.3328821Z Deleting container: 23542c743272_ursafespace. Retry count = 0
2025-08-07T14:04:54.3957529Z Container spec TerminationMessagePolicy  path 
2025-08-07T14:04:54.4156446Z Container is terminated. Total time elapsed: 5434 ms.
2025-08-07T14:04:54.4326952Z Site container: ursafespace terminated during site startup.
2025-08-07T14:04:54.4349638Z Site startup probe failed after 127.150308 seconds.
2025-08-07T14:04:54.7523010Z Failed to start site. Revert by stopping site.
2025-08-07T14:04:54.7978016Z Site: ursafespace stopped.
2025-08-07T14:05:14.713Z ERROR - DockerApiException: Docker API responded with status code=NotFound, response={"message":"manifest for 10.1.0.4:13209/appsvc/node:20-lts_20250724.2.tuxprod not found: manifest unknown: manifest unknown"}

2025-08-07T14:05:15.323Z ERROR - DockerApiException: Docker API responded with status code=NotFound, response={"message":"manifest for 10.1.0.6:13209/appsvc/node:20-lts_20250724.2.tuxprod not found: manifest unknown: manifest unknown"}

2025-08-07T14:05:17.612Z INFO  - 20-lts_20250724.2.tuxprod Pulling from appsvc/node
2025-08-07T14:05:17.885Z INFO  - c19952135643 Pulling fs layer
2025-08-07T14:05:17.886Z INFO  - b49b2c83cf45 Pulling fs layer
2025-08-07T14:05:17.969Z INFO  - a7350ec49683 Pulling fs layer
2025-08-07T14:05:17.970Z INFO  - ca64976d1f75 Pulling fs layer
2025-08-07T14:05:18.347Z INFO  - 9c231cb2d468 Pulling fs layer
2025-08-07T14:05:18.368Z INFO  - 6d5ed858bc79 Pulling fs layer
2025-08-07T14:05:18.373Z INFO  - b147e1d819b6 Pulling fs layer
2025-08-07T14:05:18.374Z INFO  - bddeee446dea Pulling fs layer
2025-08-07T14:05:18.374Z INFO  - 3bba0ee51794 Pulling fs layer
2025-08-07T14:05:18.413Z INFO  - 5b5c68b4e022 Pulling fs layer
2025-08-07T14:05:18.414Z INFO  - 589fad460b75 Pulling fs layer
2025-08-07T14:05:18.414Z INFO  - a4ac82e1650a Pulling fs layer
2025-08-07T14:05:18.415Z INFO  - 6e652537f0de Pulling fs layer
2025-08-07T14:05:18.471Z INFO  - 4f4fb700ef54 Pulling fs layer
2025-08-07T14:05:18.471Z INFO  - 70b2d1c62102 Pulling fs layer
2025-08-07T14:05:18.473Z INFO  - 81114daeece3 Pulling fs layer
2025-08-07T14:05:18.480Z INFO  - 72560126db61 Pulling fs layer
2025-08-07T14:05:18.480Z INFO  - b4ee02498c51 Pulling fs layer
2025-08-07T14:05:18.480Z INFO  - 9f7642f5d897 Pulling fs layer
2025-08-07T14:05:18.480Z INFO  - 064a93d404d8 Pulling fs layer
2025-08-07T14:05:18.480Z INFO  - 9078bcfaabdd Pulling fs layer
2025-08-07T14:05:18.480Z INFO  - 8367cb93fd79 Pulling fs layer
2025-08-07T14:05:18.480Z INFO  - 432802c32c40 Pulling fs layer
2025-08-07T14:05:18.480Z INFO  - b5ee41dce4d1 Pulling fs layer
2025-08-07T14:05:18.480Z INFO  - 299358e274fc Pulling fs layer
2025-08-07T14:05:18.481Z INFO  - a0f687a8a43e Pulling fs layer
2025-08-07T14:05:18.481Z INFO  - f6668cf6fc4f Pulling fs layer
2025-08-07T14:05:18.481Z INFO  - cab9518eb753 Pulling fs layer
2025-08-07T14:05:18.481Z INFO  - f9717d513d08 Pulling fs layer
2025-08-07T14:05:18.481Z INFO  - 81d0cf6a6204 Pulling fs layer
2025-08-07T14:05:18.481Z INFO  - e705a3b12771 Pulling fs layer
2025-08-07T14:05:18.481Z INFO  - cdcdb6bbda74 Pulling fs layer
2025-08-07T14:05:18.481Z INFO  - 3c56665f14df Pulling fs layer
2025-08-07T14:05:18.481Z INFO  - 6076b5261919 Pulling fs layer
2025-08-07T14:05:18.481Z INFO  - cfb2442eec7a Pulling fs layer
2025-08-07T14:05:18.482Z INFO  - c7bf2b05e76c Pulling fs layer
2025-08-07T14:05:18.482Z INFO  - 9e40ee8f5c7c Pulling fs layer
2025-08-07T14:05:18.556Z INFO  - 9078bcfaabdd Waiting
2025-08-07T14:05:18.557Z INFO  - 8367cb93fd79 Waiting
2025-08-07T14:05:18.568Z INFO  - 432802c32c40 Waiting
2025-08-07T14:05:18.568Z INFO  - b5ee41dce4d1 Waiting
2025-08-07T14:05:18.577Z INFO  - 299358e274fc Waiting
2025-08-07T14:05:18.577Z INFO  - a0f687a8a43e Waiting
2025-08-07T14:05:18.577Z INFO  - f6668cf6fc4f Waiting
2025-08-07T14:05:18.577Z INFO  - cab9518eb753 Waiting
2025-08-07T14:05:18.577Z INFO  - f9717d513d08 Waiting
2025-08-07T14:05:18.577Z INFO  - 81d0cf6a6204 Waiting
2025-08-07T14:05:18.577Z INFO  - e705a3b12771 Waiting
2025-08-07T14:05:18.577Z INFO  - cdcdb6bbda74 Waiting
2025-08-07T14:05:18.577Z INFO  - 3c56665f14df Waiting
2025-08-07T14:05:18.577Z INFO  - 6076b5261919 Waiting
2025-08-07T14:05:18.577Z INFO  - cfb2442eec7a Waiting
2025-08-07T14:05:18.577Z INFO  - c7bf2b05e76c Waiting
2025-08-07T14:05:18.707Z INFO  - 9e40ee8f5c7c Waiting
2025-08-07T14:05:23.301Z INFO  - b147e1d819b6 Downloading 3KB / 10KB
2025-08-07T14:05:23.307Z INFO  - b147e1d819b6 Downloading 10KB / 10KB
2025-08-07T14:05:23.309Z INFO  - b147e1d819b6 Verifying Checksum
2025-08-07T14:05:23.310Z INFO  - b147e1d819b6 Download complete
2025-08-07T14:05:23.586Z INFO  - 6d5ed858bc79 Downloading 3KB / 39KB
2025-08-07T14:05:23.669Z INFO  - 6d5ed858bc79 Downloading 39KB / 39KB
2025-08-07T14:05:23.670Z INFO  - ca64976d1f75 Downloading 387B / 387B
2025-08-07T14:05:23.688Z INFO  - 9f7642f5d897 Downloading 126B / 126B
2025-08-07T14:05:23.952Z INFO  - 4f4fb700ef54 Downloading 32B / 32B
2025-08-07T14:05:24.017Z INFO  - 6d5ed858bc79 Verifying Checksum
2025-08-07T14:05:24.018Z INFO  - 6d5ed858bc79 Download complete
2025-08-07T14:05:24.034Z INFO  - ca64976d1f75 Verifying Checksum
2025-08-07T14:05:24.034Z INFO  - ca64976d1f75 Download complete
2025-08-07T14:05:24.034Z INFO  - 9f7642f5d897 Verifying Checksum
2025-08-07T14:05:24.035Z INFO  - 9f7642f5d897 Download complete
2025-08-07T14:05:24.035Z INFO  - 4f4fb700ef54 Verifying Checksum
2025-08-07T14:05:24.035Z INFO  - 4f4fb700ef54 Download complete
2025-08-07T14:05:24.035Z INFO  - a7350ec49683 Downloading 190KB / 3MB
2025-08-07T14:05:24.036Z INFO  - 9c231cb2d468 Downloading 158KB / 1MB
2025-08-07T14:05:24.036Z INFO  - bddeee446dea Downloading 3KB / 14KB
2025-08-07T14:05:24.036Z INFO  - 5b5c68b4e022 Downloading 3KB / 10KB
2025-08-07T14:05:24.036Z INFO  - bddeee446dea Downloading 14KB / 14KB
2025-08-07T14:05:24.036Z INFO  - 5b5c68b4e022 Downloading 10KB / 10KB
2025-08-07T14:05:24.036Z INFO  - bddeee446dea Verifying Checksum
2025-08-07T14:05:24.036Z INFO  - bddeee446dea Download complete
2025-08-07T14:05:24.036Z INFO  - 5b5c68b4e022 Verifying Checksum
2025-08-07T14:05:24.036Z INFO  - 5b5c68b4e022 Download complete
2025-08-07T14:05:24.036Z INFO  - a7350ec49683 Downloading 334KB / 3MB
2025-08-07T14:05:24.055Z INFO  - 72560126db61 Downloading 254KB / 11MB
2025-08-07T14:05:24.142Z INFO  - 3bba0ee51794 Downloading 281KB / 281KB
2025-08-07T14:05:24.295Z INFO  - 3bba0ee51794 Verifying Checksum
2025-08-07T14:05:24.296Z INFO  - 3bba0ee51794 Download complete
2025-08-07T14:05:24.496Z INFO  - 589fad460b75 Downloading 222KB / 1MB
2025-08-07T14:05:24.756Z INFO  - 9c231cb2d468 Downloading 462KB / 1MB
2025-08-07T14:05:24.775Z INFO  - 81114daeece3 Downloading 958KB / 46MB
2025-08-07T14:05:24.820Z INFO  - 6e652537f0de Verifying Checksum
2025-08-07T14:05:24.820Z INFO  - 6e652537f0de Download complete
2025-08-07T14:05:24.963Z INFO  - a7350ec49683 Downloading 670KB / 3MB
2025-08-07T14:05:24.965Z INFO  - 9c231cb2d468 Downloading 990KB / 1MB
2025-08-07T14:05:25.030Z INFO  - 589fad460b75 Downloading 254KB / 1MB
2025-08-07T14:05:25.032Z INFO  - 9c231cb2d468 Verifying Checksum
2025-08-07T14:05:25.337Z INFO  - 9c231cb2d468 Download complete
2025-08-07T14:05:25.346Z INFO  - 589fad460b75 Downloading 446KB / 1MB
2025-08-07T14:05:25.346Z INFO  - a4ac82e1650a Downloading 686KB / 1MB
2025-08-07T14:05:25.375Z INFO  - 064a93d404d8 Downloading 638KB / 5MB
2025-08-07T14:05:25.375Z INFO  - b4ee02498c51 Downloading 350KB / 16MB
2025-08-07T14:05:25.562Z INFO  - 064a93d404d8 Downloading 958KB / 5MB
2025-08-07T14:05:25.562Z INFO  - b4ee02498c51 Downloading 1MB / 16MB
2025-08-07T14:05:25.562Z INFO  - a4ac82e1650a Verifying Checksum
2025-08-07T14:05:25.562Z INFO  - a4ac82e1650a Download complete
2025-08-07T14:05:25.966Z INFO  - 589fad460b75 Downloading 494KB / 1MB
2025-08-07T14:05:25.967Z INFO  - c19952135643 Downloading 958KB / 46MB
2025-08-07T14:05:26.180Z INFO  - 70b2d1c62102 Downloading 942KB / 45MB
2025-08-07T14:05:26.181Z INFO  - b4ee02498c51 Downloading 1MB / 16MB
2025-08-07T14:05:26.354Z INFO  - 81114daeece3 Downloading 2MB / 46MB
2025-08-07T14:05:26.437Z INFO  - 72560126db61 Downloading 1MB / 11MB
2025-08-07T14:05:26.463Z INFO  - b49b2c83cf45 Downloading 734KB / 35MB
2025-08-07T14:05:26.463Z INFO  - b4ee02498c51 Downloading 1MB / 16MB
2025-08-07T14:05:26.684Z INFO  - a7350ec49683 Downloading 2MB / 3MB
2025-08-07T14:05:27.111Z INFO  - 064a93d404d8 Downloading 2MB / 5MB
2025-08-07T14:05:27.294Z INFO  - c19952135643 Downloading 1MB / 46MB
2025-08-07T14:05:27.302Z INFO  - a7350ec49683 Downloading 3MB / 3MB
2025-08-07T14:05:27.302Z INFO  - 72560126db61 Downloading 2MB / 11MB
2025-08-07T14:05:27.302Z INFO  - 589fad460b75 Verifying Checksum
2025-08-07T14:05:27.302Z INFO  - 589fad460b75 Download complete
2025-08-07T14:05:27.302Z INFO  - 72560126db61 Downloading 2MB / 11MB
2025-08-07T14:05:27.302Z INFO  - b49b2c83cf45 Downloading 1MB / 35MB
2025-08-07T14:05:27.302Z INFO  - 70b2d1c62102 Downloading 1MB / 45MB
2025-08-07T14:05:27.302Z INFO  - 81114daeece3 Downloading 3MB / 46MB
2025-08-07T14:05:27.302Z INFO  - 064a93d404d8 Downloading 2MB / 5MB
2025-08-07T14:05:27.302Z INFO  - a7350ec49683 Downloading 3MB / 3MB
2025-08-07T14:05:27.302Z INFO  - a7350ec49683 Verifying Checksum
2025-08-07T14:05:27.302Z INFO  - a7350ec49683 Download complete
2025-08-07T14:05:27.302Z INFO  - 72560126db61 Downloading 3MB / 11MB
2025-08-07T14:05:27.302Z INFO  - 064a93d404d8 Downloading 3MB / 5MB
2025-08-07T14:05:27.302Z INFO  - b4ee02498c51 Downloading 2MB / 16MB
2025-08-07T14:05:27.526Z INFO  - 9078bcfaabdd Downloading 948B / 948B
2025-08-07T14:05:27.526Z INFO  - 432802c32c40 Downloading 139B / 139B
2025-08-07T14:05:27.551Z INFO  - 9078bcfaabdd Verifying Checksum
2025-08-07T14:05:27.551Z INFO  - 9078bcfaabdd Download complete
2025-08-07T14:05:27.551Z INFO  - 432802c32c40 Verifying Checksum
2025-08-07T14:05:27.551Z INFO  - 432802c32c40 Download complete
2025-08-07T14:05:27.551Z INFO  - 72560126db61 Downloading 3MB / 11MB
2025-08-07T14:05:27.551Z INFO  - 70b2d1c62102 Downloading 2MB / 45MB
2025-08-07T14:05:27.857Z INFO  - 81114daeece3 Downloading 4MB / 46MB
2025-08-07T14:05:27.857Z INFO  - 064a93d404d8 Downloading 4MB / 5MB
2025-08-07T14:05:27.857Z INFO  - 72560126db61 Downloading 3MB / 11MB
2025-08-07T14:05:27.857Z INFO  - c19952135643 Downloading 3MB / 46MB
2025-08-07T14:05:28.071Z INFO  - 72560126db61 Downloading 3MB / 11MB
2025-08-07T14:05:28.072Z INFO  - 8367cb93fd79 Downloading 1KB / 1KB
2025-08-07T14:05:28.072Z INFO  - 8367cb93fd79 Verifying Checksum
2025-08-07T14:05:28.072Z INFO  - 8367cb93fd79 Download complete
2025-08-07T14:05:28.072Z INFO  - b49b2c83cf45 Downloading 2MB / 35MB
2025-08-07T14:05:28.249Z INFO  - cab9518eb753 Downloading 151B / 151B
2025-08-07T14:05:28.249Z INFO  - cab9518eb753 Verifying Checksum
2025-08-07T14:05:28.249Z INFO  - cab9518eb753 Download complete
2025-08-07T14:05:28.559Z INFO  - 72560126db61 Downloading 4MB / 11MB
2025-08-07T14:05:28.561Z INFO  - f6668cf6fc4f Downloading 3KB / 3KB
2025-08-07T14:05:28.561Z INFO  - b5ee41dce4d1 Downloading 526KB / 67MB
2025-08-07T14:05:28.578Z INFO  - b4ee02498c51 Downloading 3MB / 16MB
2025-08-07T14:05:28.619Z INFO  - 81d0cf6a6204 Downloading 1KB / 1KB
2025-08-07T14:05:28.619Z INFO  - a0f687a8a43e Downloading 1KB / 1KB
2025-08-07T14:05:28.619Z INFO  - 70b2d1c62102 Downloading 3MB / 45MB
2025-08-07T14:05:28.619Z INFO  - f6668cf6fc4f Verifying Checksum
2025-08-07T14:05:28.619Z INFO  - f6668cf6fc4f Download complete
2025-08-07T14:05:28.619Z INFO  - 81d0cf6a6204 Verifying Checksum
2025-08-07T14:05:28.619Z INFO  - 81d0cf6a6204 Download complete
2025-08-07T14:05:28.619Z INFO  - a0f687a8a43e Verifying Checksum
2025-08-07T14:05:28.619Z INFO  - a0f687a8a43e Download complete
2025-08-07T14:05:28.647Z INFO  - c19952135643 Downloading 4MB / 46MB
2025-08-07T14:05:29.045Z INFO  - 064a93d404d8 Downloading 4MB / 5MB
2025-08-07T14:05:29.051Z INFO  - b4ee02498c51 Downloading 4MB / 16MB
2025-08-07T14:05:29.836Z INFO  - 064a93d404d8 Downloading 5MB / 5MB
2025-08-07T14:05:29.914Z INFO  - 72560126db61 Downloading 4MB / 11MB
2025-08-07T14:05:30.065Z INFO  - 81114daeece3 Downloading 5MB / 46MB
2025-08-07T14:05:30.065Z INFO  - b5ee41dce4d1 Downloading 1MB / 67MB
2025-08-07T14:05:30.073Z INFO  - b4ee02498c51 Downloading 5MB / 16MB
2025-08-07T14:05:30.073Z INFO  - 064a93d404d8 Verifying Checksum
2025-08-07T14:05:30.073Z INFO  - 064a93d404d8 Download complete
2025-08-07T14:05:30.073Z INFO  - 72560126db61 Downloading 5MB / 11MB
2025-08-07T14:05:30.073Z INFO  - f9717d513d08 Downloading 13KB / 13KB
2025-08-07T14:05:30.073Z INFO  - f9717d513d08 Verifying Checksum
2025-08-07T14:05:30.073Z INFO  - f9717d513d08 Download complete
2025-08-07T14:05:30.073Z INFO  - c19952135643 Downloading 5MB / 46MB
2025-08-07T14:05:30.073Z INFO  - 70b2d1c62102 Downloading 4MB / 45MB
2025-08-07T14:05:30.203Z INFO  - b4ee02498c51 Downloading 6MB / 16MB
2025-08-07T14:05:30.205Z INFO  - 72560126db61 Downloading 5MB / 11MB
2025-08-07T14:05:30.206Z INFO  - e705a3b12771 Downloading 269B / 269B
2025-08-07T14:05:30.206Z INFO  - 299358e274fc Downloading 1KB / 1KB
2025-08-07T14:05:30.571Z INFO  - b49b2c83cf45 Downloading 3MB / 35MB
2025-08-07T14:05:30.572Z INFO  - e705a3b12771 Verifying Checksum
2025-08-07T14:05:30.573Z INFO  - e705a3b12771 Download complete
2025-08-07T14:05:30.582Z INFO  - 299358e274fc Verifying Checksum
2025-08-07T14:05:30.582Z INFO  - 299358e274fc Download complete
2025-08-07T14:05:30.584Z INFO  - 70b2d1c62102 Downloading 5MB / 45MB
2025-08-07T14:05:30.585Z INFO  - cdcdb6bbda74 Downloading 269B / 269B
2025-08-07T14:05:30.592Z INFO  - cdcdb6bbda74 Verifying Checksum
2025-08-07T14:05:30.592Z INFO  - cdcdb6bbda74 Download complete
2025-08-07T14:05:30.670Z INFO  - b49b2c83cf45 Downloading 4MB / 35MB
2025-08-07T14:05:30.971Z INFO  - 72560126db61 Downloading 5MB / 11MB
2025-08-07T14:05:30.979Z INFO  - c19952135643 Downloading 6MB / 46MB
2025-08-07T14:05:31.440Z INFO  - b4ee02498c51 Downloading 6MB / 16MB
2025-08-07T14:05:31.440Z INFO  - b49b2c83cf45 Downloading 5MB / 35MB
2025-08-07T14:05:31.440Z INFO  - 72560126db61 Downloading 5MB / 11MB
2025-08-07T14:05:31.440Z INFO  - 81114daeece3 Downloading 6MB / 46MB
2025-08-07T14:05:31.480Z INFO  - 72560126db61 Downloading 6MB / 11MB
2025-08-07T14:05:32.006Z INFO  - b5ee41dce4d1 Downloading 3MB / 67MB
2025-08-07T14:05:32.092Z INFO  - 70b2d1c62102 Downloading 6MB / 45MB
2025-08-07T14:05:32.378Z INFO  - b49b2c83cf45 Downloading 5MB / 35MB
2025-08-07T14:05:32.599Z INFO  - b4ee02498c51 Downloading 7MB / 16MB
2025-08-07T14:05:32.600Z INFO  - 6076b5261919 Downloading 416B / 416B
2025-08-07T14:05:32.601Z INFO  - 6076b5261919 Verifying Checksum
2025-08-07T14:05:32.608Z INFO  - 6076b5261919 Download complete
2025-08-07T14:05:32.608Z INFO  - c19952135643 Downloading 7MB / 46MB
2025-08-07T14:05:32.608Z INFO  - 72560126db61 Downloading 6MB / 11MB
2025-08-07T14:05:32.608Z INFO  - cfb2442eec7a Downloading 1KB / 1KB
2025-08-07T14:05:32.608Z INFO  - cfb2442eec7a Verifying Checksum
2025-08-07T14:05:32.608Z INFO  - cfb2442eec7a Download complete
2025-08-07T14:05:32.609Z INFO  - 81114daeece3 Downloading 7MB / 46MB
2025-08-07T14:05:32.609Z INFO  - 3c56665f14df Downloading 124B / 124B
2025-08-07T14:05:32.609Z INFO  - 3c56665f14df Verifying Checksum
2025-08-07T14:05:32.609Z INFO  - 3c56665f14df Download complete
2025-08-07T14:05:32.665Z INFO  - b5ee41dce4d1 Downloading 4MB / 67MB
2025-08-07T14:05:32.886Z INFO  - 72560126db61 Downloading 7MB / 11MB
2025-08-07T14:05:32.893Z INFO  - b49b2c83cf45 Downloading 7MB / 35MB
2025-08-07T14:05:32.894Z INFO  - c19952135643 Downloading 8MB / 46MB
2025-08-07T14:05:32.894Z INFO  - 9e40ee8f5c7c Downloading 133B / 133B
2025-08-07T14:05:32.894Z INFO  - 9e40ee8f5c7c Verifying Checksum
2025-08-07T14:05:32.894Z INFO  - 9e40ee8f5c7c Download complete
2025-08-07T14:05:32.894Z INFO  - c7bf2b05e76c Downloading 95KB / 1MB
2025-08-07T14:05:33.067Z INFO  - c7bf2b05e76c Downloading 126KB / 1MB
2025-08-07T14:05:33.076Z INFO  - b4ee02498c51 Downloading 8MB / 16MB
2025-08-07T14:05:33.095Z INFO  - 70b2d1c62102 Downloading 7MB / 45MB
2025-08-07T14:05:33.095Z INFO  - b49b2c83cf45 Downloading 7MB / 35MB
2025-08-07T14:05:33.286Z INFO  - 72560126db61 Downloading 7MB / 11MB
2025-08-07T14:05:33.456Z INFO  - b5ee41dce4d1 Downloading 4MB / 67MB
2025-08-07T14:05:33.458Z INFO  - 72560126db61 Downloading 7MB / 11MB
2025-08-07T14:05:33.465Z INFO  - c19952135643 Downloading 9MB / 46MB
2025-08-07T14:05:33.648Z INFO  - 81114daeece3 Downloading 8MB / 46MB
2025-08-07T14:05:33.895Z INFO  - b4ee02498c51 Downloading 9MB / 16MB
2025-08-07T14:05:33.896Z INFO  - 81114daeece3 Downloading 9MB / 46MB
2025-08-07T14:05:33.896Z INFO  - c19952135643 Downloading 10MB / 46MB
2025-08-07T14:05:33.896Z INFO  - 70b2d1c62102 Downloading 8MB / 45MB
2025-08-07T14:05:34.051Z INFO  - b49b2c83cf45 Downloading 8MB / 35MB
2025-08-07T14:05:34.138Z INFO  - b5ee41dce4d1 Downloading 5MB / 67MB
2025-08-07T14:05:34.234Z INFO  - c7bf2b05e76c Downloading 1MB / 1MB
2025-08-07T14:05:34.250Z INFO  - b4ee02498c51 Downloading 10MB / 16MB
2025-08-07T14:05:34.250Z INFO  - c7bf2b05e76c Verifying Checksum
2025-08-07T14:05:34.250Z INFO  - c7bf2b05e76c Download complete
2025-08-07T14:05:34.349Z INFO  - b4ee02498c51 Downloading 10MB / 16MB
2025-08-07T14:05:34.515Z INFO  - 72560126db61 Downloading 9MB / 11MB
2025-08-07T14:05:34.537Z INFO  - 72560126db61 Downloading 9MB / 11MB
2025-08-07T14:05:34.771Z INFO  - c19952135643 Downloading 11MB / 46MB
2025-08-07T14:05:34.776Z INFO  - 70b2d1c62102 Downloading 9MB / 45MB
2025-08-07T14:05:34.783Z INFO  - b49b2c83cf45 Downloading 9MB / 35MB
2025-08-07T14:05:35.099Z INFO  - 81114daeece3 Downloading 10MB / 46MB
2025-08-07T14:05:35.201Z INFO  - b4ee02498c51 Downloading 11MB / 16MB
2025-08-07T14:05:35.216Z INFO  - c19952135643 Downloading 12MB / 46MB
2025-08-07T14:05:35.217Z INFO  - b4ee02498c51 Downloading 11MB / 16MB
2025-08-07T14:05:35.217Z INFO  - b5ee41dce4d1 Downloading 7MB / 67MB
2025-08-07T14:05:35.439Z INFO  - 70b2d1c62102 Downloading 9MB / 45MB
2025-08-07T14:05:35.462Z INFO  - 72560126db61 Downloading 9MB / 11MB
2025-08-07T14:05:35.463Z INFO  - b49b2c83cf45 Downloading 10MB / 35MB
2025-08-07T14:05:35.464Z INFO  - 81114daeece3 Downloading 11MB / 46MB
2025-08-07T14:05:35.615Z INFO  - 72560126db61 Downloading 10MB / 11MB
2025-08-07T14:05:35.631Z INFO  - b4ee02498c51 Downloading 12MB / 16MB
2025-08-07T14:05:35.729Z INFO  - b4ee02498c51 Downloading 13MB / 16MB
2025-08-07T14:05:35.737Z INFO  - 72560126db61 Verifying Checksum
2025-08-07T14:05:35.738Z INFO  - 72560126db61 Download complete
2025-08-07T14:05:35.957Z INFO  - b49b2c83cf45 Downloading 10MB / 35MB
2025-08-07T14:05:35.957Z INFO  - 70b2d1c62102 Downloading 10MB / 45MB
2025-08-07T14:05:35.965Z INFO  - 81114daeece3 Downloading 12MB / 46MB
2025-08-07T14:05:36.042Z INFO  - b4ee02498c51 Downloading 13MB / 16MB
2025-08-07T14:05:40.597Z INFO  - c19952135643 Downloading 14MB / 46MB
2025-08-07T14:05:40.597Z INFO  - b5ee41dce4d1 Downloading 8MB / 67MB
2025-08-07T14:05:40.598Z INFO  - 70b2d1c62102 Downloading 11MB / 45MB
2025-08-07T14:05:40.598Z INFO  - b4ee02498c51 Downloading 14MB / 16MB
2025-08-07T14:05:40.598Z INFO  - b4ee02498c51 Downloading 14MB / 16MB
2025-08-07T14:05:40.598Z INFO  - b49b2c83cf45 Downloading 11MB / 35MB
2025-08-07T14:05:40.598Z INFO  - 81114daeece3 Downloading 14MB / 46MB
2025-08-07T14:05:40.598Z INFO  - c19952135643 Downloading 15MB / 46MB
2025-08-07T14:05:40.598Z INFO  - 70b2d1c62102 Downloading 12MB / 45MB
2025-08-07T14:05:40.598Z INFO  - b49b2c83cf45 Downloading 12MB / 35MB
2025-08-07T14:05:40.598Z INFO  - b4ee02498c51 Downloading 14MB / 16MB
2025-08-07T14:05:40.598Z INFO  - 81114daeece3 Downloading 15MB / 46MB
2025-08-07T14:05:40.598Z INFO  - b5ee41dce4d1 Downloading 9MB / 67MB
2025-08-07T14:05:40.598Z INFO  - c19952135643 Downloading 16MB / 46MB
2025-08-07T14:05:40.599Z INFO  - 81114daeece3 Downloading 15MB / 46MB
2025-08-07T14:05:40.599Z INFO  - b49b2c83cf45 Downloading 12MB / 35MB
2025-08-07T14:05:40.624Z INFO  - b5ee41dce4d1 Downloading 10MB / 67MB
2025-08-07T14:05:40.624Z INFO  - c19952135643 Downloading 17MB / 46MB
2025-08-07T14:05:40.624Z INFO  - b4ee02498c51 Downloading 15MB / 16MB
2025-08-07T14:05:40.624Z INFO  - 70b2d1c62102 Downloading 14MB / 45MB
2025-08-07T14:05:40.624Z INFO  - b49b2c83cf45 Downloading 13MB / 35MB
2025-08-07T14:05:40.624Z INFO  - b4ee02498c51 Verifying Checksum
2025-08-07T14:05:40.624Z INFO  - b4ee02498c51 Download complete
2025-08-07T14:05:40.624Z INFO  - 81114daeece3 Downloading 16MB / 46MB
2025-08-07T14:05:40.624Z INFO  - b5ee41dce4d1 Downloading 11MB / 67MB
2025-08-07T14:05:40.624Z INFO  - c19952135643 Downloading 18MB / 46MB
2025-08-07T14:05:40.624Z INFO  - 70b2d1c62102 Downloading 15MB / 45MB
2025-08-07T14:05:40.624Z INFO  - b5ee41dce4d1 Downloading 12MB / 67MB
2025-08-07T14:05:40.624Z INFO  - b49b2c83cf45 Downloading 14MB / 35MB
2025-08-07T14:05:40.624Z INFO  - 81114daeece3 Downloading 17MB / 46MB
2025-08-07T14:05:40.625Z INFO  - b49b2c83cf45 Downloading 15MB / 35MB
2025-08-07T14:05:40.625Z INFO  - 70b2d1c62102 Downloading 16MB / 45MB
2025-08-07T14:05:40.625Z INFO  - c19952135643 Downloading 19MB / 46MB
2025-08-07T14:05:40.625Z INFO  - b49b2c83cf45 Downloading 15MB / 35MB
2025-08-07T14:05:40.663Z INFO  - 70b2d1c62102 Downloading 17MB / 45MB
2025-08-07T14:05:40.792Z INFO  - 81114daeece3 Downloading 18MB / 46MB
2025-08-07T14:05:40.793Z INFO  - c19952135643 Downloading 20MB / 46MB
2025-08-07T14:05:40.816Z INFO  - b5ee41dce4d1 Downloading 13MB / 67MB
2025-08-07T14:05:40.831Z INFO  - b49b2c83cf45 Downloading 16MB / 35MB
2025-08-07T14:05:41.041Z INFO  - b49b2c83cf45 Downloading 17MB / 35MB
2025-08-07T14:05:41.667Z INFO  - c19952135643 Downloading 21MB / 46MB
2025-08-07T14:05:41.751Z INFO  - 81114daeece3 Downloading 19MB / 46MB
2025-08-07T14:05:41.752Z INFO  - 70b2d1c62102 Downloading 18MB / 45MB
2025-08-07T14:05:42.067Z INFO  - b5ee41dce4d1 Downloading 14MB / 67MB
2025-08-07T14:05:42.068Z INFO  - c19952135643 Downloading 22MB / 46MB
2025-08-07T14:05:42.164Z INFO  - b49b2c83cf45 Downloading 18MB / 35MB
2025-08-07T14:05:42.165Z INFO  - 70b2d1c62102 Downloading 19MB / 45MB
2025-08-07T14:05:42.322Z INFO  - b5ee41dce4d1 Downloading 16MB / 67MB
2025-08-07T14:05:42.405Z INFO  - c19952135643 Downloading 23MB / 46MB
2025-08-07T14:05:42.550Z INFO  - b49b2c83cf45 Downloading 19MB / 35MB
2025-08-07T14:05:42.577Z INFO  - 81114daeece3 Downloading 20MB / 46MB
2025-08-07T14:05:42.711Z INFO  - b49b2c83cf45 Downloading 20MB / 35MB
2025-08-07T14:05:42.952Z INFO  - 70b2d1c62102 Downloading 20MB / 45MB
2025-08-07T14:05:42.953Z INFO  - 81114daeece3 Downloading 21MB / 46MB
2025-08-07T14:05:43.133Z INFO  - c19952135643 Downloading 24MB / 46MB
2025-08-07T14:05:43.302Z INFO  - b49b2c83cf45 Downloading 20MB / 35MB
2025-08-07T14:05:43.368Z INFO  - b5ee41dce4d1 Downloading 18MB / 67MB
2025-08-07T14:05:43.516Z INFO  - 70b2d1c62102 Downloading 21MB / 45MB
2025-08-07T14:05:43.751Z INFO  - c19952135643 Downloading 25MB / 46MB
2025-08-07T14:05:43.914Z INFO  - 81114daeece3 Downloading 22MB / 46MB
2025-08-07T14:05:43.917Z INFO  - b49b2c83cf45 Downloading 21MB / 35MB
2025-08-07T14:05:44.173Z INFO  - c19952135643 Downloading 26MB / 46MB
2025-08-07T14:05:44.192Z INFO  - b5ee41dce4d1 Downloading 19MB / 67MB
2025-08-07T14:05:44.193Z INFO  - 70b2d1c62102 Downloading 22MB / 45MB
2025-08-07T14:05:44.354Z INFO  - 81114daeece3 Downloading 23MB / 46MB
2025-08-07T14:05:44.355Z INFO  - c19952135643 Downloading 27MB / 46MB
2025-08-07T14:05:44.356Z INFO  - b5ee41dce4d1 Downloading 19MB / 67MB
2025-08-07T14:05:44.612Z INFO  - 81114daeece3 Downloading 24MB / 46MB
2025-08-07T14:05:44.756Z INFO  - 70b2d1c62102 Downloading 23MB / 45MB
2025-08-07T14:05:44.775Z INFO  - c19952135643 Downloading 28MB / 46MB
2025-08-07T14:05:45.023Z INFO  - b49b2c83cf45 Downloading 23MB / 35MB
2025-08-07T14:05:45.175Z INFO  - 81114daeece3 Downloading 25MB / 46MB
2025-08-07T14:05:45.176Z INFO  - b5ee41dce4d1 Downloading 20MB / 67MB
2025-08-07T14:05:45.178Z INFO  - c19952135643 Downloading 29MB / 46MB
2025-08-07T14:05:45.271Z INFO  - 70b2d1c62102 Downloading 24MB / 45MB
2025-08-07T14:05:45.484Z INFO  - b49b2c83cf45 Downloading 24MB / 35MB
2025-08-07T14:05:45.583Z INFO  - 70b2d1c62102 Downloading 25MB / 45MB
2025-08-07T14:05:45.784Z INFO  - c19952135643 Downloading 30MB / 46MB
2025-08-07T14:05:45.910Z INFO  - 81114daeece3 Downloading 26MB / 46MB
2025-08-07T14:05:45.919Z INFO  - b49b2c83cf45 Downloading 24MB / 35MB
2025-08-07T14:05:46.129Z INFO  - b5ee41dce4d1 Downloading 22MB / 67MB
2025-08-07T14:05:46.254Z INFO  - 70b2d1c62102 Downloading 26MB / 45MB
2025-08-07T14:05:46.405Z INFO  - c19952135643 Downloading 30MB / 46MB
2025-08-07T14:05:46.860Z INFO  - c19952135643 Downloading 31MB / 46MB
2025-08-07T14:05:46.861Z INFO  - b49b2c83cf45 Downloading 25MB / 35MB
2025-08-07T14:05:46.861Z INFO  - 81114daeece3 Downloading 27MB / 46MB
2025-08-07T14:05:47.012Z INFO  - 70b2d1c62102 Downloading 27MB / 45MB
2025-08-07T14:05:47.013Z INFO  - c19952135643 Downloading 32MB / 46MB
2025-08-07T14:05:47.205Z INFO  - 81114daeece3 Downloading 28MB / 46MB
2025-08-07T14:05:47.316Z INFO  - b49b2c83cf45 Downloading 26MB / 35MB
2025-08-07T14:05:47.523Z INFO  - 81114daeece3 Downloading 29MB / 46MB
2025-08-07T14:05:47.523Z INFO  - 70b2d1c62102 Downloading 28MB / 45MB
2025-08-07T14:05:47.523Z INFO  - c19952135643 Downloading 33MB / 46MB
2025-08-07T14:05:47.884Z INFO  - b5ee41dce4d1 Downloading 24MB / 67MB
2025-08-07T14:05:48.027Z INFO  - 70b2d1c62102 Downloading 29MB / 45MB
2025-08-07T14:05:48.028Z INFO  - 81114daeece3 Downloading 30MB / 46MB
2025-08-07T14:05:48.238Z INFO  - b5ee41dce4d1 Downloading 25MB / 67MB
2025-08-07T14:05:48.336Z INFO  - c19952135643 Downloading 35MB / 46MB
2025-08-07T14:05:48.431Z INFO  - b5ee41dce4d1 Downloading 26MB / 67MB
2025-08-07T14:05:48.450Z INFO  - 81114daeece3 Downloading 30MB / 46MB
2025-08-07T14:05:48.577Z INFO  - b49b2c83cf45 Downloading 28MB / 35MB
2025-08-07T14:05:48.905Z INFO  - 70b2d1c62102 Downloading 29MB / 45MB
2025-08-07T14:05:49.048Z INFO  - 81114daeece3 Downloading 31MB / 46MB
2025-08-07T14:05:49.049Z INFO  - c19952135643 Downloading 36MB / 46MB
2025-08-07T14:05:49.049Z INFO  - b5ee41dce4d1 Downloading 27MB / 67MB
2025-08-07T14:05:49.056Z INFO  - b49b2c83cf45 Downloading 29MB / 35MB
2025-08-07T14:05:49.272Z INFO  - b49b2c83cf45 Downloading 29MB / 35MB
2025-08-07T14:05:49.520Z INFO  - c19952135643 Downloading 37MB / 46MB
2025-08-07T14:05:49.588Z INFO  - b5ee41dce4d1 Downloading 28MB / 67MB
2025-08-07T14:05:49.589Z INFO  - b49b2c83cf45 Downloading 30MB / 35MB
2025-08-07T14:05:49.589Z INFO  - 70b2d1c62102 Downloading 30MB / 45MB
2025-08-07T14:05:49.590Z INFO  - 81114daeece3 Downloading 32MB / 46MB
2025-08-07T14:05:50.033Z INFO  - c19952135643 Downloading 37MB / 46MB
2025-08-07T14:05:50.337Z INFO  - 70b2d1c62102 Downloading 31MB / 45MB
2025-08-07T14:05:50.354Z INFO  - b49b2c83cf45 Downloading 31MB / 35MB
2025-08-07T14:05:50.484Z INFO  - c19952135643 Downloading 38MB / 46MB
2025-08-07T14:05:50.485Z INFO  - 81114daeece3 Downloading 34MB / 46MB
2025-08-07T14:05:50.504Z INFO  - 70b2d1c62102 Downloading 32MB / 45MB
2025-08-07T14:05:50.614Z INFO  - b5ee41dce4d1 Downloading 29MB / 67MB
2025-08-07T14:05:51.086Z INFO  - 81114daeece3 Downloading 35MB / 46MB
2025-08-07T14:05:51.179Z INFO  - 70b2d1c62102 Downloading 34MB / 45MB
2025-08-07T14:05:51.263Z INFO  - b5ee41dce4d1 Downloading 31MB / 67MB
2025-08-07T14:05:51.264Z INFO  - c19952135643 Downloading 39MB / 46MB
2025-08-07T14:05:51.443Z INFO  - b49b2c83cf45 Downloading 33MB / 35MB
2025-08-07T14:05:51.661Z INFO  - 81114daeece3 Downloading 36MB / 46MB
2025-08-07T14:05:51.749Z INFO  - c19952135643 Downloading 40MB / 46MB
2025-08-07T14:05:51.911Z INFO  - 70b2d1c62102 Downloading 35MB / 45MB
2025-08-07T14:05:52.066Z INFO  - 70b2d1c62102 Downloading 36MB / 45MB
2025-08-07T14:05:52.236Z INFO  - 81114daeece3 Downloading 38MB / 46MB
2025-08-07T14:05:52.349Z INFO  - b5ee41dce4d1 Downloading 32MB / 67MB
2025-08-07T14:05:52.506Z INFO  - 70b2d1c62102 Downloading 37MB / 45MB
2025-08-07T14:05:52.570Z INFO  - b5ee41dce4d1 Downloading 32MB / 67MB
2025-08-07T14:05:52.588Z INFO  - b49b2c83cf45 Verifying Checksum
2025-08-07T14:05:52.592Z INFO  - b49b2c83cf45 Download complete
2025-08-07T14:05:52.593Z INFO  - c19952135643 Downloading 42MB / 46MB
2025-08-07T14:05:52.701Z INFO  - 70b2d1c62102 Downloading 38MB / 45MB
2025-08-07T14:05:52.800Z INFO  - 81114daeece3 Downloading 39MB / 46MB
2025-08-07T14:05:52.808Z INFO  - c19952135643 Downloading 43MB / 46MB
2025-08-07T14:05:52.808Z INFO  - 70b2d1c62102 Downloading 38MB / 45MB
2025-08-07T14:05:52.935Z INFO  - 81114daeece3 Downloading 40MB / 46MB
2025-08-07T14:05:53.008Z INFO  - b5ee41dce4d1 Downloading 35MB / 67MB
2025-08-07T14:05:53.112Z INFO  - c19952135643 Downloading 44MB / 46MB
2025-08-07T14:05:53.121Z INFO  - 70b2d1c62102 Downloading 39MB / 45MB
2025-08-07T14:05:53.233Z INFO  - b5ee41dce4d1 Downloading 36MB / 67MB
2025-08-07T14:05:53.289Z INFO  - c19952135643 Downloading 45MB / 46MB
2025-08-07T14:05:53.366Z INFO  - 81114daeece3 Downloading 41MB / 46MB
2025-08-07T14:05:53.367Z INFO  - b5ee41dce4d1 Downloading 37MB / 67MB
2025-08-07T14:05:53.375Z INFO  - 70b2d1c62102 Downloading 40MB / 45MB
2025-08-07T14:05:53.563Z INFO  - c19952135643 Verifying Checksum
2025-08-07T14:05:53.570Z INFO  - c19952135643 Download complete
2025-08-07T14:05:53.790Z INFO  - 70b2d1c62102 Downloading 42MB / 45MB
2025-08-07T14:05:53.790Z INFO  - b5ee41dce4d1 Downloading 39MB / 67MB
2025-08-07T14:05:54.116Z INFO  - 70b2d1c62102 Verifying Checksum
2025-08-07T14:05:54.117Z INFO  - 70b2d1c62102 Download complete
2025-08-07T14:05:54.266Z INFO  - 81114daeece3 Downloading 45MB / 46MB
2025-08-07T14:05:54.418Z INFO  - 81114daeece3 Downloading 45MB / 46MB
2025-08-07T14:05:54.553Z INFO  - b5ee41dce4d1 Downloading 43MB / 67MB
2025-08-07T14:05:54.570Z INFO  - 81114daeece3 Verifying Checksum
2025-08-07T14:05:54.570Z INFO  - 81114daeece3 Download complete
2025-08-07T14:05:54.657Z INFO  - b5ee41dce4d1 Downloading 43MB / 67MB
2025-08-07T14:05:54.753Z INFO  - b5ee41dce4d1 Downloading 44MB / 67MB
2025-08-07T14:05:55.208Z INFO  - b5ee41dce4d1 Downloading 46MB / 67MB
2025-08-07T14:05:55.645Z INFO  - c19952135643 Extracting 960KB / 46MB
2025-08-07T14:05:55.855Z INFO  - b5ee41dce4d1 Downloading 47MB / 67MB
2025-08-07T14:05:56.183Z INFO  - b5ee41dce4d1 Downloading 48MB / 67MB
2025-08-07T14:05:56.253Z INFO  - c19952135643 Extracting 1MB / 46MB
2025-08-07T14:05:56.721Z INFO  - c19952135643 Extracting 2MB / 46MB
2025-08-07T14:05:56.759Z INFO  - b5ee41dce4d1 Downloading 50MB / 67MB
2025-08-07T14:05:57.549Z INFO  - c19952135643 Extracting 3MB / 46MB
2025-08-07T14:05:57.609Z INFO  - b5ee41dce4d1 Downloading 53MB / 67MB
2025-08-07T14:05:58.142Z INFO  - b5ee41dce4d1 Downloading 54MB / 67MB
2025-08-07T14:05:58.277Z INFO  - b5ee41dce4d1 Downloading 54MB / 67MB
2025-08-07T14:05:58.611Z INFO  - b5ee41dce4d1 Downloading 55MB / 67MB
2025-08-07T14:05:58.612Z INFO  - c19952135643 Extracting 4MB / 46MB
2025-08-07T14:05:59.601Z INFO  - b5ee41dce4d1 Downloading 57MB / 67MB
2025-08-07T14:05:59.861Z INFO  - b5ee41dce4d1 Downloading 58MB / 67MB
2025-08-07T14:06:00.528Z INFO  - b5ee41dce4d1 Downloading 59MB / 67MB
2025-08-07T14:06:00.538Z INFO  - c19952135643 Extracting 5MB / 46MB
2025-08-07T14:06:01.034Z INFO  - b5ee41dce4d1 Downloading 60MB / 67MB
2025-08-07T14:06:01.082Z INFO  - c19952135643 Extracting 6MB / 46MB
2025-08-07T14:06:01.330Z INFO  - b5ee41dce4d1 Downloading 61MB / 67MB
2025-08-07T14:06:01.534Z INFO  - c19952135643 Extracting 7MB / 46MB
2025-08-07T14:06:01.883Z INFO  - b5ee41dce4d1 Downloading 62MB / 67MB
2025-08-07T14:06:02.979Z INFO  - c19952135643 Extracting 8MB / 46MB
2025-08-07T14:06:03.063Z INFO  - b5ee41dce4d1 Downloading 64MB / 67MB
2025-08-07T14:06:03.429Z INFO  - b5ee41dce4d1 Downloading 65MB / 67MB
2025-08-07T14:06:04.104Z INFO  - b5ee41dce4d1 Downloading 66MB / 67MB
2025-08-07T14:06:05.065Z INFO  - b5ee41dce4d1 Downloading 67MB / 67MB
2025-08-07T14:06:05.065Z INFO  - c19952135643 Extracting 9MB / 46MB
2025-08-07T14:06:05.065Z INFO  - b5ee41dce4d1 Verifying Checksum
2025-08-07T14:06:05.065Z INFO  - b5ee41dce4d1 Download complete
2025-08-07T14:06:05.703Z INFO  - c19952135643 Extracting 10MB / 46MB
2025-08-07T14:06:06.521Z INFO  - c19952135643 Extracting 11MB / 46MB
2025-08-07T14:06:06.662Z INFO  - c19952135643 Extracting 12MB / 46MB
2025-08-07T14:06:07.002Z INFO  - c19952135643 Extracting 13MB / 46MB
2025-08-07T14:06:07.400Z INFO  - c19952135643 Extracting 14MB / 46MB
2025-08-07T14:06:07.762Z INFO  - c19952135643 Extracting 15MB / 46MB
2025-08-07T14:06:08.497Z INFO  - c19952135643 Extracting 15MB / 46MB
2025-08-07T14:06:09.204Z INFO  - c19952135643 Extracting 16MB / 46MB
2025-08-07T14:06:09.987Z INFO  - c19952135643 Extracting 18MB / 46MB
2025-08-07T14:06:10.757Z INFO  - c19952135643 Extracting 19MB / 46MB
2025-08-07T14:06:11.274Z INFO  - c19952135643 Extracting 20MB / 46MB
2025-08-07T14:06:11.975Z INFO  - c19952135643 Extracting 21MB / 46MB
2025-08-07T14:06:13.020Z INFO  - c19952135643 Extracting 22MB / 46MB
2025-08-07T14:06:15.087Z INFO  - c19952135643 Extracting 23MB / 46MB
2025-08-07T14:06:15.417Z INFO  - c19952135643 Extracting 24MB / 46MB
2025-08-07T14:06:16.901Z INFO  - c19952135643 Extracting 25MB / 46MB
2025-08-07T14:06:17.440Z INFO  - c19952135643 Extracting 26MB / 46MB
2025-08-07T14:06:18.074Z INFO  - c19952135643 Extracting 27MB / 46MB
2025-08-07T14:06:18.638Z INFO  - c19952135643 Extracting 28MB / 46MB
2025-08-07T14:06:19.115Z INFO  - c19952135643 Extracting 29MB / 46MB
2025-08-07T14:06:19.840Z INFO  - c19952135643 Extracting 30MB / 46MB
2025-08-07T14:06:20.237Z INFO  - c19952135643 Extracting 30MB / 46MB
2025-08-07T14:06:20.744Z INFO  - c19952135643 Extracting 31MB / 46MB
2025-08-07T14:06:21.849Z INFO  - c19952135643 Extracting 32MB / 46MB
2025-08-07T14:06:22.757Z INFO  - c19952135643 Extracting 33MB / 46MB
2025-08-07T14:06:24.083Z INFO  - c19952135643 Extracting 35MB / 46MB
2025-08-07T14:06:24.847Z INFO  - c19952135643 Extracting 36MB / 46MB
2025-08-07T14:06:26.100Z INFO  - c19952135643 Extracting 37MB / 46MB
2025-08-07T14:06:26.747Z INFO  - c19952135643 Extracting 37MB / 46MB
2025-08-07T14:06:27.438Z INFO  - c19952135643 Extracting 38MB / 46MB
2025-08-07T14:06:28.464Z INFO  - c19952135643 Extracting 39MB / 46MB
2025-08-07T14:06:29.209Z INFO  - c19952135643 Extracting 40MB / 46MB
2025-08-07T14:06:30.952Z INFO  - c19952135643 Extracting 41MB / 46MB
2025-08-07T14:06:32.468Z INFO  - c19952135643 Extracting 42MB / 46MB
2025-08-07T14:06:33.416Z INFO  - c19952135643 Extracting 43MB / 46MB
2025-08-07T14:06:35.082Z INFO  - c19952135643 Extracting 44MB / 46MB
2025-08-07T14:06:37.868Z INFO  - c19952135643 Extracting 45MB / 46MB
2025-08-07T14:06:39.890Z INFO  - c19952135643 Extracting 46MB / 46MB
2025-08-07T14:06:40.375Z INFO  - c19952135643 Pull complete
2025-08-07T14:06:41.433Z INFO  - b49b2c83cf45 Extracting 768KB / 35MB
2025-08-07T14:06:42.408Z INFO  - b49b2c83cf45 Extracting 3MB / 35MB
2025-08-07T14:06:42.409Z INFO  - b49b2c83cf45 Extracting 4MB / 35MB
2025-08-07T14:06:42.967Z INFO  - b49b2c83cf45 Extracting 6MB / 35MB
2025-08-07T14:06:43.265Z INFO  - b49b2c83cf45 Extracting 7MB / 35MB
2025-08-07T14:06:43.488Z INFO  - b49b2c83cf45 Extracting 8MB / 35MB
2025-08-07T14:06:44.259Z INFO  - b49b2c83cf45 Extracting 10MB / 35MB
2025-08-07T14:06:44.873Z INFO  - b49b2c83cf45 Extracting 13MB / 35MB
2025-08-07T14:06:46.975Z INFO  - b49b2c83cf45 Extracting 15MB / 35MB
2025-08-07T14:06:47.855Z INFO  - b49b2c83cf45 Extracting 16MB / 35MB
2025-08-07T14:06:49.540Z INFO  - b49b2c83cf45 Extracting 17MB / 35MB
2025-08-07T14:06:50.695Z INFO  - b49b2c83cf45 Extracting 18MB / 35MB
2025-08-07T14:06:52.177Z INFO  - b49b2c83cf45 Extracting 19MB / 35MB
2025-08-07T14:06:53.148Z INFO  - b49b2c83cf45 Extracting 19MB / 35MB
2025-08-07T14:06:54.593Z INFO  - b49b2c83cf45 Extracting 20MB / 35MB
2025-08-07T14:06:56.261Z INFO  - b49b2c83cf45 Extracting 32MB / 35MB
2025-08-07T14:06:56.433Z INFO  - b49b2c83cf45 Extracting 33MB / 35MB
2025-08-07T14:06:56.654Z INFO  - b49b2c83cf45 Extracting 34MB / 35MB
2025-08-07T14:06:57.133Z INFO  - b49b2c83cf45 Extracting 34MB / 35MB
2025-08-07T14:06:57.580Z INFO  - b49b2c83cf45 Extracting 35MB / 35MB
2025-08-07T14:06:57.722Z INFO  - b49b2c83cf45 Pull complete
2025-08-07T14:06:58.049Z INFO  - a7350ec49683 Extracting 1MB / 3MB
2025-08-07T14:06:58.146Z INFO  - a7350ec49683 Extracting 1MB / 3MB
2025-08-07T14:06:58.361Z INFO  - a7350ec49683 Extracting 3MB / 3MB
2025-08-07T14:06:58.540Z INFO  - a7350ec49683 Extracting 3MB / 3MB
2025-08-07T14:06:58.616Z INFO  - a7350ec49683 Pull complete
2025-08-07T14:06:58.652Z INFO  - ca64976d1f75 Extracting 387B / 387B
2025-08-07T14:06:58.718Z INFO  - ca64976d1f75 Extracting 387B / 387B
2025-08-07T14:06:58.747Z INFO  - ca64976d1f75 Pull complete
2025-08-07T14:06:58.767Z INFO  - 9c231cb2d468 Extracting 32KB / 1MB
2025-08-07T14:06:59.036Z INFO  - 9c231cb2d468 Extracting 1MB / 1MB
2025-08-07T14:06:59.100Z INFO  - 9c231cb2d468 Pull complete
2025-08-07T14:06:59.110Z INFO  - 6d5ed858bc79 Extracting 32KB / 39KB
2025-08-07T14:06:59.268Z INFO  - 6d5ed858bc79 Extracting 39KB / 39KB
2025-08-07T14:06:59.304Z INFO  - 6d5ed858bc79 Pull complete
2025-08-07T14:06:59.324Z INFO  - b147e1d819b6 Extracting 10KB / 10KB
2025-08-07T14:06:59.379Z INFO  - b147e1d819b6 Extracting 10KB / 10KB
2025-08-07T14:06:59.423Z INFO  - b147e1d819b6 Pull complete
2025-08-07T14:06:59.435Z INFO  - bddeee446dea Extracting 14KB / 14KB
2025-08-07T14:06:59.494Z INFO  - bddeee446dea Extracting 14KB / 14KB
2025-08-07T14:06:59.510Z INFO  - bddeee446dea Pull complete
2025-08-07T14:06:59.628Z INFO  - 3bba0ee51794 Extracting 281KB / 281KB
2025-08-07T14:06:59.683Z INFO  - 3bba0ee51794 Pull complete
2025-08-07T14:06:59.721Z INFO  - 5b5c68b4e022 Extracting 10KB / 10KB
2025-08-07T14:06:59.766Z INFO  - 5b5c68b4e022 Extracting 10KB / 10KB
2025-08-07T14:06:59.896Z INFO  - 5b5c68b4e022 Pull complete
2025-08-07T14:06:59.901Z INFO  - 589fad460b75 Extracting 32KB / 1MB
2025-08-07T14:07:00.107Z INFO  - 589fad460b75 Extracting 1MB / 1MB
2025-08-07T14:07:00.163Z INFO  - 589fad460b75 Pull complete
2025-08-07T14:07:00.181Z INFO  - a4ac82e1650a Extracting 32KB / 1MB
2025-08-07T14:07:00.544Z INFO  - a4ac82e1650a Extracting 1MB / 1MB
2025-08-07T14:07:00.562Z INFO  - a4ac82e1650a Pull complete
2025-08-07T14:07:00.571Z INFO  - 6e652537f0de Extracting 3KB / 3KB
2025-08-07T14:07:00.630Z INFO  - 6e652537f0de Extracting 3KB / 3KB
2025-08-07T14:07:00.731Z INFO  - 6e652537f0de Pull complete
2025-08-07T14:07:00.749Z INFO  - 4f4fb700ef54 Extracting 32B / 32B
2025-08-07T14:07:00.898Z INFO  - 4f4fb700ef54 Extracting 32B / 32B
2025-08-07T14:07:00.950Z INFO  - 4f4fb700ef54 Pull complete
2025-08-07T14:07:02.045Z INFO  - 70b2d1c62102 Extracting 8MB / 45MB
2025-08-07T14:07:02.192Z INFO  - 70b2d1c62102 Extracting 12MB / 45MB
2025-08-07T14:07:02.485Z INFO  - 70b2d1c62102 Extracting 14MB / 45MB
2025-08-07T14:07:02.736Z INFO  - 70b2d1c62102 Extracting 16MB / 45MB
2025-08-07T14:07:02.834Z INFO  - 70b2d1c62102 Extracting 17MB / 45MB
2025-08-07T14:07:02.990Z INFO  - 70b2d1c62102 Extracting 18MB / 45MB
2025-08-07T14:07:04.031Z INFO  - 70b2d1c62102 Extracting 36MB / 45MB
2025-08-07T14:07:04.176Z INFO  - 70b2d1c62102 Extracting 38MB / 45MB
2025-08-07T14:07:04.251Z INFO  - 70b2d1c62102 Extracting 41MB / 45MB
2025-08-07T14:07:04.372Z INFO  - 70b2d1c62102 Extracting 44MB / 45MB
2025-08-07T14:07:04.439Z INFO  - 70b2d1c62102 Extracting 45MB / 45MB
2025-08-07T14:07:04.654Z INFO  - 70b2d1c62102 Pull complete
2025-08-07T14:07:05.034Z INFO  - 81114daeece3 Extracting 1MB / 46MB
2025-08-07T14:07:05.220Z INFO  - 81114daeece3 Extracting 2MB / 46MB
2025-08-07T14:07:05.666Z INFO  - 81114daeece3 Extracting 4MB / 46MB
2025-08-07T14:07:05.923Z INFO  - 81114daeece3 Extracting 6MB / 46MB
2025-08-07T14:07:06.137Z INFO  - 81114daeece3 Extracting 8MB / 46MB
2025-08-07T14:07:06.220Z INFO  - 81114daeece3 Extracting 10MB / 46MB
2025-08-07T14:07:06.313Z INFO  - 81114daeece3 Extracting 11MB / 46MB
2025-08-07T14:07:06.747Z INFO  - 81114daeece3 Extracting 13MB / 46MB
2025-08-07T14:07:07.805Z INFO  - 81114daeece3 Extracting 20MB / 46MB
2025-08-07T14:07:07.807Z INFO  - 81114daeece3 Extracting 21MB / 46MB
2025-08-07T14:07:08.528Z INFO  - 81114daeece3 Extracting 25MB / 46MB
2025-08-07T14:07:08.684Z INFO  - 81114daeece3 Extracting 27MB / 46MB
2025-08-07T14:07:10.678Z INFO  - 81114daeece3 Extracting 31MB / 46MB
2025-08-07T14:07:11.002Z INFO  - 81114daeece3 Extracting 32MB / 46MB
2025-08-07T14:07:11.406Z INFO  - 81114daeece3 Extracting 35MB / 46MB
2025-08-07T14:07:11.856Z INFO  - 81114daeece3 Extracting 36MB / 46MB
2025-08-07T14:07:12.441Z INFO  - 81114daeece3 Extracting 37MB / 46MB
2025-08-07T14:07:12.957Z INFO  - 81114daeece3 Extracting 38MB / 46MB
2025-08-07T14:07:13.541Z INFO  - 81114daeece3 Extracting 39MB / 46MB
2025-08-07T14:07:15.394Z INFO  - 81114daeece3 Extracting 41MB / 46MB
2025-08-07T14:07:15.975Z INFO  - 81114daeece3 Extracting 42MB / 46MB
2025-08-07T14:07:16.471Z INFO  - 81114daeece3 Extracting 43MB / 46MB
2025-08-07T14:07:17.313Z INFO  - 81114daeece3 Extracting 44MB / 46MB
2025-08-07T14:07:18.455Z INFO  - 81114daeece3 Extracting 45MB / 46MB
2025-08-07T14:07:19.605Z INFO  - 81114daeece3 Extracting 45MB / 46MB
2025-08-07T14:07:20.713Z INFO  - 81114daeece3 Extracting 46MB / 46MB
2025-08-07T14:07:21.090Z INFO  - 81114daeece3 Pull complete
2025-08-07T14:07:22.069Z INFO  - 72560126db61 Extracting 4MB / 11MB
2025-08-07T14:07:22.464Z INFO  - 72560126db61 Extracting 7MB / 11MB
2025-08-07T14:07:23.013Z INFO  - 72560126db61 Extracting 8MB / 11MB
2025-08-07T14:07:23.357Z INFO  - 72560126db61 Extracting 8MB / 11MB
2025-08-07T14:07:24.205Z INFO  - 72560126db61 Extracting 9MB / 11MB
2025-08-07T14:07:25.311Z INFO  - 72560126db61 Extracting 9MB / 11MB
2025-08-07T14:07:26.909Z INFO  - 72560126db61 Extracting 10MB / 11MB
2025-08-07T14:07:27.626Z INFO  - 72560126db61 Extracting 10MB / 11MB
2025-08-07T14:07:28.364Z INFO  - 72560126db61 Extracting 10MB / 11MB
2025-08-07T14:07:29.645Z INFO  - 72560126db61 Extracting 10MB / 11MB
2025-08-07T14:07:30.737Z INFO  - 72560126db61 Extracting 11MB / 11MB
2025-08-07T14:07:31.144Z INFO  - 72560126db61 Pull complete
2025-08-07T14:07:31.849Z INFO  - b4ee02498c51 Extracting 1MB / 16MB
2025-08-07T14:07:32.266Z INFO  - b4ee02498c51 Extracting 2MB / 16MB
2025-08-07T14:07:33.430Z INFO  - b4ee02498c51 Extracting 4MB / 16MB
2025-08-07T14:07:33.826Z INFO  - b4ee02498c51 Extracting 5MB / 16MB
2025-08-07T14:07:35.051Z INFO  - b4ee02498c51 Extracting 8MB / 16MB
2025-08-07T14:07:37.997Z INFO  - b4ee02498c51 Extracting 8MB / 16MB
2025-08-07T14:07:39.491Z INFO  - b4ee02498c51 Extracting 9MB / 16MB
2025-08-07T14:07:40.621Z INFO  - b4ee02498c51 Extracting 9MB / 16MB
2025-08-07T14:07:41.360Z INFO  - b4ee02498c51 Extracting 9MB / 16MB
2025-08-07T14:07:42.579Z INFO  - b4ee02498c51 Extracting 10MB / 16MB
2025-08-07T14:07:43.096Z INFO  - b4ee02498c51 Extracting 10MB / 16MB
2025-08-07T14:07:43.353Z INFO  - b4ee02498c51 Extracting 11MB / 16MB
2025-08-07T14:07:44.177Z INFO  - b4ee02498c51 Extracting 11MB / 16MB
2025-08-07T14:07:44.734Z INFO  - b4ee02498c51 Extracting 11MB / 16MB
2025-08-07T14:07:45.520Z INFO  - b4ee02498c51 Extracting 13MB / 16MB
2025-08-07T14:07:46.709Z INFO  - b4ee02498c51 Extracting 14MB / 16MB
2025-08-07T14:07:47.245Z INFO  - b4ee02498c51 Extracting 14MB / 16MB
2025-08-07T14:07:47.461Z INFO  - b4ee02498c51 Extracting 14MB / 16MB
2025-08-07T14:07:48.628Z INFO  - b4ee02498c51 Extracting 15MB / 16MB
2025-08-07T14:07:49.128Z INFO  - b4ee02498c51 Extracting 15MB / 16MB
2025-08-07T14:07:49.892Z INFO  - b4ee02498c51 Extracting 15MB / 16MB
2025-08-07T14:07:50.504Z INFO  - b4ee02498c51 Extracting 16MB / 16MB
2025-08-07T14:07:50.754Z INFO  - b4ee02498c51 Pull complete
2025-08-07T14:07:50.794Z INFO  - 9f7642f5d897 Extracting 126B / 126B
2025-08-07T14:07:51.324Z INFO  - 9f7642f5d897 Extracting 126B / 126B
2025-08-07T14:07:51.370Z INFO  - 9f7642f5d897 Pull complete
2025-08-07T14:07:51.912Z INFO  - 064a93d404d8 Extracting 2MB / 5MB
2025-08-07T14:07:52.181Z INFO  - 064a93d404d8 Extracting 5MB / 5MB
2025-08-07T14:07:52.327Z INFO  - 064a93d404d8 Pull complete
2025-08-07T14:07:52.336Z INFO  - 9078bcfaabdd Extracting 948B / 948B
2025-08-07T14:07:52.432Z INFO  - 9078bcfaabdd Extracting 948B / 948B
2025-08-07T14:07:52.478Z INFO  - 9078bcfaabdd Pull complete
2025-08-07T14:07:52.478Z INFO  - 8367cb93fd79 Extracting 1KB / 1KB
2025-08-07T14:07:52.537Z INFO  - 8367cb93fd79 Extracting 1KB / 1KB
2025-08-07T14:07:52.617Z INFO  - 8367cb93fd79 Pull complete
2025-08-07T14:07:52.672Z INFO  - 432802c32c40 Extracting 139B / 139B
2025-08-07T14:07:52.674Z INFO  - 432802c32c40 Extracting 139B / 139B
2025-08-07T14:07:52.730Z INFO  - 432802c32c40 Pull complete
2025-08-07T14:07:53.270Z INFO  - b5ee41dce4d1 Extracting 544KB / 67MB
2025-08-07T14:07:53.412Z INFO  - b5ee41dce4d1 Extracting 1MB / 67MB
2025-08-07T14:07:53.856Z INFO  - b5ee41dce4d1 Extracting 4MB / 67MB
2025-08-07T14:07:54.545Z INFO  - b5ee41dce4d1 Extracting 8MB / 67MB
2025-08-07T14:07:55.267Z INFO  - b5ee41dce4d1 Extracting 10MB / 67MB
2025-08-07T14:07:56.212Z INFO  - b5ee41dce4d1 Extracting 12MB / 67MB
2025-08-07T14:07:57.210Z INFO  - b5ee41dce4d1 Extracting 12MB / 67MB
2025-08-07T14:07:57.690Z INFO  - b5ee41dce4d1 Extracting 13MB / 67MB
2025-08-07T14:07:58.484Z INFO  - b5ee41dce4d1 Extracting 14MB / 67MB
2025-08-07T14:07:58.895Z INFO  - b5ee41dce4d1 Extracting 15MB / 67MB
2025-08-07T14:08:00.010Z INFO  - b5ee41dce4d1 Extracting 16MB / 67MB
2025-08-07T14:08:00.539Z INFO  - b5ee41dce4d1 Extracting 18MB / 67MB
2025-08-07T14:08:01.065Z INFO  - b5ee41dce4d1 Extracting 19MB / 67MB
2025-08-07T14:08:01.612Z INFO  - b5ee41dce4d1 Extracting 20MB / 67MB
2025-08-07T14:08:01.970Z INFO  - b5ee41dce4d1 Extracting 21MB / 67MB
2025-08-07T14:08:02.652Z INFO  - b5ee41dce4d1 Extracting 23MB / 67MB
2025-08-07T14:08:02.940Z INFO  - b5ee41dce4d1 Extracting 24MB / 67MB
2025-08-07T14:08:03.361Z INFO  - b5ee41dce4d1 Extracting 26MB / 67MB
2025-08-07T14:08:04.189Z INFO  - b5ee41dce4d1 Extracting 27MB / 67MB
2025-08-07T14:08:04.695Z INFO  - b5ee41dce4d1 Extracting 28MB / 67MB
2025-08-07T14:08:05.026Z INFO  - b5ee41dce4d1 Extracting 29MB / 67MB
2025-08-07T14:08:05.338Z INFO  - b5ee41dce4d1 Extracting 30MB / 67MB
2025-08-07T14:08:05.813Z INFO  - b5ee41dce4d1 Extracting 31MB / 67MB
2025-08-07T14:08:07.222Z INFO  - b5ee41dce4d1 Extracting 34MB / 67MB
2025-08-07T14:08:08.167Z INFO  - b5ee41dce4d1 Extracting 35MB / 67MB
2025-08-07T14:08:08.864Z INFO  - b5ee41dce4d1 Extracting 36MB / 67MB
2025-08-07T14:08:10.107Z INFO  - b5ee41dce4d1 Extracting 38MB / 67MB
2025-08-07T14:08:10.987Z INFO  - b5ee41dce4d1 Extracting 39MB / 67MB
2025-08-07T14:08:12.557Z INFO  - b5ee41dce4d1 Extracting 40MB / 67MB
2025-08-07T14:08:14.464Z INFO  - b5ee41dce4d1 Extracting 42MB / 67MB
2025-08-07T14:08:15.074Z INFO  - b5ee41dce4d1 Extracting 43MB / 67MB
2025-08-07T14:08:16.311Z INFO  - b5ee41dce4d1 Extracting 44MB / 67MB
2025-08-07T14:08:17.088Z INFO  - b5ee41dce4d1 Extracting 46MB / 67MB
2025-08-07T14:08:18.465Z INFO  - b5ee41dce4d1 Extracting 47MB / 67MB
2025-08-07T14:08:18.590Z INFO  - b5ee41dce4d1 Extracting 48MB / 67MB
2025-08-07T14:08:19.770Z INFO  - b5ee41dce4d1 Extracting 50MB / 67MB
2025-08-07T14:08:20.556Z INFO  - b5ee41dce4d1 Extracting 51MB / 67MB
2025-08-07T14:08:21.456Z INFO  - b5ee41dce4d1 Extracting 57MB / 67MB
2025-08-07T14:08:22.256Z INFO  - b5ee41dce4d1 Extracting 60MB / 67MB
2025-08-07T14:08:22.339Z INFO  - b5ee41dce4d1 Extracting 62MB / 67MB
2025-08-07T14:08:23.045Z INFO  - b5ee41dce4d1 Extracting 66MB / 67MB
2025-08-07T14:08:23.961Z INFO  - b5ee41dce4d1 Extracting 67MB / 67MB
2025-08-07T14:08:24.180Z INFO  - b5ee41dce4d1 Pull complete
2025-08-07T14:08:24.301Z INFO  - 299358e274fc Extracting 1KB / 1KB
2025-08-07T14:08:24.393Z INFO  - 299358e274fc Extracting 1KB / 1KB
2025-08-07T14:08:24.510Z INFO  - 299358e274fc Pull complete
2025-08-07T14:08:24.519Z INFO  - a0f687a8a43e Extracting 1KB / 1KB
2025-08-07T14:08:24.586Z INFO  - a0f687a8a43e Extracting 1KB / 1KB
2025-08-07T14:08:24.663Z INFO  - a0f687a8a43e Pull complete
2025-08-07T14:08:24.672Z INFO  - f6668cf6fc4f Extracting 3KB / 3KB
2025-08-07T14:08:24.712Z INFO  - f6668cf6fc4f Extracting 3KB / 3KB
2025-08-07T14:08:24.846Z INFO  - f6668cf6fc4f Pull complete
2025-08-07T14:08:24.855Z INFO  - cab9518eb753 Extracting 151B / 151B
2025-08-07T14:08:24.885Z INFO  - cab9518eb753 Extracting 151B / 151B
2025-08-07T14:08:25.023Z INFO  - cab9518eb753 Pull complete
2025-08-07T14:08:25.100Z INFO  - f9717d513d08 Extracting 13KB / 13KB
2025-08-07T14:08:25.149Z INFO  - f9717d513d08 Extracting 13KB / 13KB
2025-08-07T14:08:25.330Z INFO  - f9717d513d08 Pull complete
2025-08-07T14:08:25.335Z INFO  - 81d0cf6a6204 Extracting 1KB / 1KB
2025-08-07T14:08:25.388Z INFO  - 81d0cf6a6204 Extracting 1KB / 1KB
2025-08-07T14:08:25.608Z INFO  - 81d0cf6a6204 Pull complete
2025-08-07T14:08:25.618Z INFO  - e705a3b12771 Extracting 269B / 269B
2025-08-07T14:08:25.646Z INFO  - e705a3b12771 Extracting 269B / 269B
2025-08-07T14:08:25.796Z INFO  - e705a3b12771 Pull complete
2025-08-07T14:08:25.822Z INFO  - cdcdb6bbda74 Extracting 269B / 269B
2025-08-07T14:08:25.859Z INFO  - cdcdb6bbda74 Extracting 269B / 269B
2025-08-07T14:08:25.941Z INFO  - cdcdb6bbda74 Pull complete
2025-08-07T14:08:26.288Z INFO  - 3c56665f14df Extracting 124B / 124B
2025-08-07T14:08:26.330Z INFO  - 3c56665f14df Extracting 124B / 124B
2025-08-07T14:08:26.444Z INFO  - 3c56665f14df Pull complete
2025-08-07T14:08:26.510Z INFO  - 6076b5261919 Extracting 416B / 416B
2025-08-07T14:08:26.531Z INFO  - 6076b5261919 Extracting 416B / 416B
2025-08-07T14:08:26.598Z INFO  - 6076b5261919 Pull complete
2025-08-07T14:08:26.603Z INFO  - cfb2442eec7a Extracting 1KB / 1KB
2025-08-07T14:08:26.624Z INFO  - cfb2442eec7a Extracting 1KB / 1KB
2025-08-07T14:08:26.745Z INFO  - cfb2442eec7a Pull complete
2025-08-07T14:08:26.874Z INFO  - c7bf2b05e76c Extracting 96KB / 1MB
2025-08-07T14:08:26.981Z INFO  - c7bf2b05e76c Extracting 160KB / 1MB
2025-08-07T14:08:27.202Z INFO  - c7bf2b05e76c Extracting 288KB / 1MB
2025-08-07T14:08:27.486Z INFO  - c7bf2b05e76c Extracting 608KB / 1MB
2025-08-07T14:08:27.597Z INFO  - c7bf2b05e76c Extracting 832KB / 1MB
2025-08-07T14:08:27.751Z INFO  - c7bf2b05e76c Extracting 992KB / 1MB
2025-08-07T14:08:27.952Z INFO  - c7bf2b05e76c Extracting 1MB / 1MB
2025-08-07T14:08:28.214Z INFO  - c7bf2b05e76c Extracting 1MB / 1MB
2025-08-07T14:08:28.613Z INFO  - c7bf2b05e76c Pull complete
2025-08-07T14:08:28.628Z INFO  - 9e40ee8f5c7c Extracting 133B / 133B
2025-08-07T14:08:28.972Z INFO  - 9e40ee8f5c7c Extracting 133B / 133B
2025-08-07T14:08:29.022Z INFO  - 9e40ee8f5c7c Pull complete
2025-08-07T14:08:29.193Z INFO  -  Digest: sha256:090c03b4259823f8be151de295b9ef30aeea81cc540a9908f9a57cbe5e893095
2025-08-07T14:08:29.217Z INFO  -  Status: Downloaded newer image for mcr.microsoft.com/appsvc/node:20-lts_20250724.2.tuxprod
2025-08-07T14:08:29.619Z INFO  - Pull Image successful, Time taken: 193 Seconds
2025-08-07T14:08:33.512Z INFO  - Starting container for site
2025-08-07T14:08:33.512Z INFO  - docker run -d --expose=8080 --name ursafespace_0_0c244806 -e WEBSITE_USE_DIAGNOSTIC_SERVER=true -e WEBSITE_SITE_NAME=ursafespace -e WEBSITE_AUTH_ENABLED=False -e WEBSITE_ROLE_INSTANCE_ID=0 -e WEBSITE_HOSTNAME=ursafespace-gucmabaybvcnezde.eastus-01.azurewebsites.net -e WEBSITE_INSTANCE_ID=52038d977ec3dcd2065ef7f8d553e9c533ad3943d69085df8fa73bfbb156598f -e NODE_OPTIONS=--require /agents/nodejs/build/src/Loader.js appsvc/node:20-lts_20250724.2.tuxprod 
2025-08-07T14:08:33.512Z INFO  - Logging is not enabled for this container.
Please use https://aka.ms/linux-diagnostics to enable logging to see container logs here.
2025-08-07T14:08:37.968Z INFO  - Initiating warmup request to container ursafespace_0_0c244806 for site ursafespace
2025-08-07T14:08:55.815Z INFO  - Waiting for response to warmup request for container ursafespace_0_0c244806. Elapsed time = 17.8834944 sec
2025-08-07T14:09:13.091Z INFO  - Waiting for response to warmup request for container ursafespace_0_0c244806. Elapsed time = 35.1592959 sec
2025-08-07T14:09:29.329Z INFO  - Waiting for response to warmup request for container ursafespace_0_0c244806. Elapsed time = 51.3978784 sec
2025-08-07T14:09:45.416Z ERROR - Container ursafespace_0_0c244806 for site ursafespace has exited, failing site start
2025-08-07T14:09:45.496Z ERROR - Container ursafespace_0_0c244806 didn't respond to HTTP pings on port: 8080. Failing site start. See container logs for debugging.
2025-08-07T14:09:45.760Z INFO  - Stopping site ursafespace because it failed during startup.
2025-08-07T14:10:00.4658203Z Container start method called.
2025-08-07T14:10:00.4878275Z Establishing network.
2025-08-07T14:10:00.4894178Z Pulling image: appsvc/node:20-lts_20250724.2.tuxprod.
2025-08-07T14:10:05.9134482Z Container is starting.
2025-08-07T14:10:05.9300093Z Establishing user namespace if not established already.
2025-08-07T14:10:05.9305810Z Establishing network if not established already.
2025-08-07T14:10:05.9310740Z Mounting volumes.
2025-08-07T14:10:05.9948196Z Nested mountpoint 
2025-08-07T14:10:06.0505702Z Nested mountpoint volatile/logs
2025-08-07T14:10:06.0851484Z Nested mountpoint 
2025-08-07T14:10:06.1327304Z Nested mountpoint 
2025-08-07T14:10:06.1778491Z Nested mountpoint 
2025-08-07T14:10:06.2361361Z Nested mountpoint 
2025-08-07T14:10:06.4955409Z Nested mountpoint 
2025-08-07T14:10:07.3719557Z Creating container.
2025-08-07T14:10:07.3741484Z Creating pipes for streaming container io.
2025-08-07T14:10:07.3897907Z Creating stdout named pipe at /podr/container/pipe/228209ed7e1d_ursafespace/stdout_08f7225fab5248ab83dbcb2cd7f5f88f.
2025-08-07T14:10:07.3993975Z Successfully created stdout named pipe at: /podr/container/pipe/228209ed7e1d_ursafespace/stdout_08f7225fab5248ab83dbcb2cd7f5f88f.
2025-08-07T14:10:07.4002116Z Opening named pipe /podr/container/pipe/228209ed7e1d_ursafespace/stdout_08f7225fab5248ab83dbcb2cd7f5f88f for reading in non-blocking mode.
2025-08-07T14:10:07.4132299Z Successfully opened named pipe: /podr/container/pipe/228209ed7e1d_ursafespace/stdout_08f7225fab5248ab83dbcb2cd7f5f88f.
2025-08-07T14:10:07.4224588Z Successfully removed non-blocking flag from /podr/container/pipe/228209ed7e1d_ursafespace/stdout_08f7225fab5248ab83dbcb2cd7f5f88f.
2025-08-07T14:10:07.4226649Z Creating stderr named pipe at /podr/container/pipe/228209ed7e1d_ursafespace/stderr_9bb8f17b1cc8477d82ff2f08d545db6e.
2025-08-07T14:10:07.4243495Z Successfully created stderr named pipe at: /podr/container/pipe/228209ed7e1d_ursafespace/stderr_9bb8f17b1cc8477d82ff2f08d545db6e.
2025-08-07T14:10:07.4311785Z Opening named pipe /podr/container/pipe/228209ed7e1d_ursafespace/stderr_9bb8f17b1cc8477d82ff2f08d545db6e for reading in non-blocking mode.
2025-08-07T14:10:07.4333967Z Successfully opened named pipe: /podr/container/pipe/228209ed7e1d_ursafespace/stderr_9bb8f17b1cc8477d82ff2f08d545db6e.
2025-08-07T14:10:07.4410582Z Successfully removed non-blocking flag from /podr/container/pipe/228209ed7e1d_ursafespace/stderr_9bb8f17b1cc8477d82ff2f08d545db6e.
2025-08-07T14:10:07.4425227Z Creating container with image: appsvc/node:20-lts_20250724.2.tuxprod from registry: mcr.microsoft.com and fully qualified image name: mcr.microsoft.com/appsvc/node:20-lts_20250724.2.tuxprod
2025-08-07T14:10:08.1952145Z Starting container: 228209ed7e1d_ursafespace.
2025-08-07T14:10:08.2655285Z Starting watchers and probes.
2025-08-07T14:10:08.2815108Z Starting metrics collection.
2025-08-07T14:10:08.2941736Z Container is running.
2025-08-07T14:10:08.6038205Z Container start method finished after 8126 ms.
2025-08-07T14:11:33.6352719Z Container has finished running with exit code: 1.
2025-08-07T14:11:33.6433981Z Container is terminating. Grace period: 5 seconds.
2025-08-07T14:11:33.6530833Z Stop and delete container. Retry count = 0
2025-08-07T14:11:33.6550308Z Stopping container: 228209ed7e1d_ursafespace.
2025-08-07T14:11:33.8038061Z Deleting container: 228209ed7e1d_ursafespace. Retry count = 0
2025-08-07T14:11:36.3786939Z Container spec TerminationMessagePolicy  path 
2025-08-07T14:11:36.3807180Z Container is terminated. Total time elapsed: 2735 ms.
2025-08-07T14:11:36.3873360Z Site container: ursafespace terminated during site startup.
2025-08-07T14:11:36.3964316Z Site startup probe failed after 87.7602596 seconds.
2025-08-07T14:11:36.4623719Z Failed to start site. Revert by stopping site.
2025-08-07T14:11:36.4722634Z Site: ursafespace stopped.
2025-08-07T14:11:42.830Z INFO  - Starting container for site
2025-08-07T14:11:42.838Z INFO  - docker run -d --expose=8080 --name ursafespace_0_cc945f5f -e WEBSITE_USE_DIAGNOSTIC_SERVER=true -e WEBSITE_SITE_NAME=ursafespace -e WEBSITE_AUTH_ENABLED=False -e WEBSITE_ROLE_INSTANCE_ID=0 -e WEBSITE_HOSTNAME=ursafespace-gucmabaybvcnezde.eastus-01.azurewebsites.net -e WEBSITE_INSTANCE_ID=52038d977ec3dcd2065ef7f8d553e9c533ad3943d69085df8fa73bfbb156598f -e NODE_OPTIONS=--require /agents/nodejs/build/src/Loader.js appsvc/node:20-lts_20250724.2.tuxprod 
2025-08-07T14:11:42.842Z INFO  - Logging is not enabled for this container.
Please use https://aka.ms/linux-diagnostics to enable logging to see container logs here.
2025-08-07T14:11:47.150Z INFO  - Initiating warmup request to container ursafespace_0_cc945f5f for site ursafespace
2025-08-07T14:12:04.085Z INFO  - Waiting for response to warmup request for container ursafespace_0_cc945f5f. Elapsed time = 16.934906 sec
2025-08-07T14:12:23.258Z INFO  - Waiting for response to warmup request for container ursafespace_0_cc945f5f. Elapsed time = 36.107309 sec
2025-08-07T14:12:41.317Z INFO  - Waiting for response to warmup request for container ursafespace_0_cc945f5f. Elapsed time = 54.1668915 sec
2025-08-07T14:13:01.328Z INFO  - Waiting for response to warmup request for container ursafespace_0_cc945f5f. Elapsed time = 74.1777702 sec
2025-08-07T14:13:18.477Z INFO  - Waiting for response to warmup request for container ursafespace_0_cc945f5f. Elapsed time = 91.3265282 sec
2025-08-07T14:13:22.961Z ERROR - Container ursafespace_0_cc945f5f for site ursafespace has exited, failing site start
2025-08-07T14:13:23.024Z ERROR - Container ursafespace_0_cc945f5f didn't respond to HTTP pings on port: 8080. Failing site start. See container logs for debugging.
2025-08-07T14:13:23.075Z INFO  - Stopping site ursafespace because it failed during startup.
2025-08-07T14:16:24.901Z INFO  - Starting container for site
2025-08-07T14:16:24.902Z INFO  - docker run -d --expose=8080 --name ursafespace_0_a6b12d16 -e WEBSITE_USE_DIAGNOSTIC_SERVER=true -e WEBSITE_SITE_NAME=ursafespace -e WEBSITE_AUTH_ENABLED=False -e WEBSITE_ROLE_INSTANCE_ID=0 -e WEBSITE_HOSTNAME=ursafespace-gucmabaybvcnezde.eastus-01.azurewebsites.net -e WEBSITE_INSTANCE_ID=52038d977ec3dcd2065ef7f8d553e9c533ad3943d69085df8fa73bfbb156598f -e NODE_OPTIONS=--require /agents/nodejs/build/src/Loader.js appsvc/node:20-lts_20250724.2.tuxprod 
2025-08-07T14:16:24.905Z INFO  - Logging is not enabled for this container.
Please use https://aka.ms/linux-diagnostics to enable logging to see container logs here.
2025-08-07T14:16:28.574Z INFO  - Initiating warmup request to container ursafespace_0_a6b12d16 for site ursafespace
2025-08-07T14:16:47.651Z INFO  - Waiting for response to warmup request for container ursafespace_0_a6b12d16. Elapsed time = 19.0774028 sec
2025-08-07T14:17:05.794Z INFO  - Waiting for response to warmup request for container ursafespace_0_a6b12d16. Elapsed time = 37.2194942 sec
2025-08-07T14:17:24.365Z INFO  - Waiting for response to warmup request for container ursafespace_0_a6b12d16. Elapsed time = 55.7913378 sec
2025-08-07T14:17:44.007Z INFO  - Waiting for response to warmup request for container ursafespace_0_a6b12d16. Elapsed time = 75.4326585 sec
2025-08-07T14:18:05.518Z INFO  - Waiting for response to warmup request for container ursafespace_0_a6b12d16. Elapsed time = 96.9426991 sec
2025-08-07T14:18:30.734Z INFO  - Waiting for response to warmup request for container ursafespace_0_a6b12d16. Elapsed time = 122.1580304 sec
2025-08-07T14:18:47.643Z INFO  - Waiting for response to warmup request for container ursafespace_0_a6b12d16. Elapsed time = 139.0686212 sec
2025-08-07T14:18:54.350Z ERROR - Container ursafespace_0_a6b12d16 for site ursafespace has exited, failing site start
2025-08-07T14:18:54.385Z ERROR - Container ursafespace_0_a6b12d16 didn't respond to HTTP pings on port: 8080. Failing site start. See container logs for debugging.
2025-08-07T14:18:54.427Z INFO  - Stopping site ursafespace because it failed during startup.
2025-08-07T14:19:16.959Z INFO  - Starting container for site
2025-08-07T14:19:16.960Z INFO  - docker run -d --expose=8080 --name ursafespace_0_ca670b29 -e WEBSITE_USE_DIAGNOSTIC_SERVER=true -e WEBSITE_SITE_NAME=ursafespace -e WEBSITE_AUTH_ENABLED=False -e WEBSITE_ROLE_INSTANCE_ID=0 -e WEBSITE_HOSTNAME=ursafespace-gucmabaybvcnezde.eastus-01.azurewebsites.net -e WEBSITE_INSTANCE_ID=52038d977ec3dcd2065ef7f8d553e9c533ad3943d69085df8fa73bfbb156598f -e NODE_OPTIONS=--require /agents/nodejs/build/src/Loader.js appsvc/node:20-lts_20250724.2.tuxprod 
2025-08-07T14:19:16.961Z INFO  - Logging is not enabled for this container.
Please use https://aka.ms/linux-diagnostics to enable logging to see container logs here.
2025-08-07T14:19:21.280Z INFO  - Initiating warmup request to container ursafespace_0_ca670b29 for site ursafespace
2025-08-07T14:19:54.072Z INFO  - Waiting for response to warmup request for container ursafespace_0_ca670b29. Elapsed time = 32.7932037 sec
2025-08-07T14:20:11.369Z INFO  - Waiting for response to warmup request for container ursafespace_0_ca670b29. Elapsed time = 50.0899513 sec
2025-08-07T14:20:28.562Z INFO  - Waiting for response to warmup request for container ursafespace_0_ca670b29. Elapsed time = 67.2829439 sec
2025-08-07T14:20:30.737Z ERROR - Container ursafespace_0_ca670b29 for site ursafespace has exited, failing site start
2025-08-07T14:20:30.757Z ERROR - Container ursafespace_0_ca670b29 didn't respond to HTTP pings on port: 8080. Failing site start. See container logs for debugging.
2025-08-07T14:20:30.805Z INFO  - Stopping site ursafespace because it failed during startup.
2025-08-07T14:34:28.878Z INFO  - Starting container for site
2025-08-07T14:34:28.935Z INFO  - docker run -d --expose=8080 --name ursafespace_0_990f7c60 -e WEBSITE_USE_DIAGNOSTIC_SERVER=true -e WEBSITE_SITE_NAME=ursafespace -e WEBSITE_AUTH_ENABLED=False -e WEBSITE_ROLE_INSTANCE_ID=0 -e WEBSITE_HOSTNAME=ursafespace-gucmabaybvcnezde.eastus-01.azurewebsites.net -e WEBSITE_INSTANCE_ID=52038d977ec3dcd2065ef7f8d553e9c533ad3943d69085df8fa73bfbb156598f -e NODE_OPTIONS=--require /agents/nodejs/build/src/Loader.js appsvc/node:20-lts_20250724.2.tuxprod REDACTED
2025-08-07T14:34:28.937Z INFO  - Logging is not enabled for this container.
Please use https://aka.ms/linux-diagnostics to enable logging to see container logs here.
2025-08-07T14:34:32.094Z INFO  - Initiating warmup request to container ursafespace_0_990f7c60 for site ursafespace
2025-08-07T14:34:53.199Z INFO  - Waiting for response to warmup request for container ursafespace_0_990f7c60. Elapsed time = 21.1046965 sec
2025-08-07T14:35:11.517Z INFO  - Waiting for response to warmup request for container ursafespace_0_990f7c60. Elapsed time = 39.4228122 sec
2025-08-07T14:35:29.748Z INFO  - Waiting for response to warmup request for container ursafespace_0_990f7c60. Elapsed time = 57.6533588 sec
2025-08-07T14:35:40.552Z ERROR - Container ursafespace_0_990f7c60 for site ursafespace has exited, failing site start
2025-08-07T14:35:40.573Z ERROR - Container ursafespace_0_990f7c60 didn't respond to HTTP pings on port: 8080. Failing site start. See container logs for debugging.
2025-08-07T14:35:40.638Z INFO  - Stopping site ursafespace because it failed during startup.
2025-08-07T14:38:12.673Z INFO  - Starting container for site
2025-08-07T14:38:12.680Z INFO  - docker run -d --expose=8080 --name ursafespace_0_789291b8 -e WEBSITE_USE_DIAGNOSTIC_SERVER=true -e WEBSITE_SITE_NAME=ursafespace -e WEBSITE_AUTH_ENABLED=False -e WEBSITE_ROLE_INSTANCE_ID=0 -e WEBSITE_HOSTNAME=ursafespace-gucmabaybvcnezde.eastus-01.azurewebsites.net -e WEBSITE_INSTANCE_ID=52038d977ec3dcd2065ef7f8d553e9c533ad3943d69085df8fa73bfbb156598f -e NODE_OPTIONS=--require /agents/nodejs/build/src/Loader.js appsvc/node:20-lts_20250724.2.tuxprod REDACTED
2025-08-07T14:38:12.693Z INFO  - Logging is not enabled for this container.
Please use https://aka.ms/linux-diagnostics to enable logging to see container logs here.
2025-08-07T14:38:17.022Z INFO  - Initiating warmup request to container ursafespace_0_789291b8 for site ursafespace
2025-08-07T14:38:34.673Z INFO  - Waiting for response to warmup request for container ursafespace_0_789291b8. Elapsed time = 17.650645 sec
2025-08-07T14:38:53.227Z INFO  - Waiting for response to warmup request for container ursafespace_0_789291b8. Elapsed time = 36.2040853 sec
2025-08-07T14:39:10.844Z INFO  - Waiting for response to warmup request for container ursafespace_0_789291b8. Elapsed time = 53.8211511 sec
2025-08-07T14:39:21.412Z ERROR - Container ursafespace_0_789291b8 for site ursafespace has exited, failing site start
2025-08-07T14:39:21.445Z ERROR - Container ursafespace_0_789291b8 didn't respond to HTTP pings on port: 8080. Failing site start. See container logs for debugging.
2025-08-07T14:39:21.491Z INFO  - Stopping site ursafespace because it failed during startup.
2025-08-07T14:47:12.829Z INFO  - Starting container for site
2025-08-07T14:47:12.999Z INFO  - docker run -d --expose=8080 --name ursafespace_0_1a3e4246 -e WEBSITE_USE_DIAGNOSTIC_SERVER=true -e WEBSITE_SITE_NAME=ursafespace -e WEBSITE_AUTH_ENABLED=False -e WEBSITE_ROLE_INSTANCE_ID=0 -e WEBSITE_HOSTNAME=ursafespace-gucmabaybvcnezde.eastus-01.azurewebsites.net -e WEBSITE_INSTANCE_ID=52038d977ec3dcd2065ef7f8d553e9c533ad3943d69085df8fa73bfbb156598f -e NODE_OPTIONS=--require /agents/nodejs/build/src/Loader.js appsvc/node:20-lts_20250724.2.tuxprod REDACTED
2025-08-07T14:47:13.000Z INFO  - Logging is not enabled for this container.
Please use https://aka.ms/linux-diagnostics to enable logging to see container logs here.
2025-08-07T14:47:25.636Z INFO  - Initiating warmup request to container ursafespace_0_1a3e4246 for site ursafespace
2025-08-07T14:47:43.201Z INFO  - Waiting for response to warmup request for container ursafespace_0_1a3e4246. Elapsed time = 17.5652412 sec
2025-08-07T14:48:02.074Z INFO  - Waiting for response to warmup request for container ursafespace_0_1a3e4246. Elapsed time = 36.4386932 sec
2025-08-07T14:48:26.424Z INFO  - Waiting for response to warmup request for container ursafespace_0_1a3e4246. Elapsed time = 60.7878542 sec
2025-08-07T14:48:44.181Z INFO  - Waiting for response to warmup request for container ursafespace_0_1a3e4246. Elapsed time = 78.5455052 sec
2025-08-07T14:48:57.105Z ERROR - Container ursafespace_0_1a3e4246 for site ursafespace is not running, failing site start
2025-08-07T14:48:57.491Z ERROR - Container ursafespace_0_1a3e4246 didn't respond to HTTP pings on port: 8080. Failing site start. See container logs for debugging.
2025-08-07T14:48:57.807Z INFO  - Stopping site ursafespace because it failed during startup.
