2025-08-07T14:49:42.8624598Z,Updating submodules.,b95e7a91-a4aa-48c2-b634-47f76c4a15d1,0
2025-08-07T14:49:44.0098874Z,Preparing deployment for commit id 'a279d4cf-e'.,87abdeff-c7ed-40d7-a337-2ce766b9fb5a,0
2025-08-07T14:49:44.3629704Z,PreDeployment: context.CleanOutputPath False,6429d3f6-dc79-45c5-a07f-e4c2213154de,0
2025-08-07T14:49:44.5185424Z,PreDeployment: context.OutputPath /home/site/wwwroot,91d6ab02-80c4-44b9-8904-38d2ec484228,0
2025-08-07T14:49:44.6699386Z,Repository path is /tmp/zipdeploy/extracted,3db2b806-5846-468a-9825-52ef20cd02ce,0
2025-08-07T14:49:44.9952004Z,Running oryx build...,5de1a6a4-9cea-4c6d-9dde-cbc27674c117,0
	2025-08-07T14:49:45.0053743Z,Command: oryx build /tmp/zipdeploy/extracted -o /home/site/wwwroot --platform nodejs --platform-version 20 -p virtualenv_name= --log-file /tmp/build-debug.log  -i /tmp/8ddd5c1a5b52568 -p compress_node_modules=tar-gz | tee /tmp/oryx-build.log,,0
	2025-08-07T14:49:47.7795642Z,Operation performed by Microsoft Oryx&comma; https://github.com/Microsoft/Oryx,,0
	2025-08-07T14:49:47.8232857Z,You can report issues at https://github.com/Microsoft/Oryx/issues,,0
	2025-08-07T14:49:47.8599093Z,,,0
	2025-08-07T14:49:47.8852385Z,Oryx Version: 0.2.20250611.1+0649de32f1279969c9023dd41b389cce4bb94493&comma; Commit: 0649de32f1279969c9023dd41b389cce4bb94493&comma; ReleaseTagName: 20250611.1,,0
	2025-08-07T14:49:47.9145682Z,,,0
	2025-08-07T14:49:47.9731778Z,Build Operation ID: 6d2e7945867a47f1,,0
	2025-08-07T14:49:47.9989903Z,Repository Commit : a279d4cf-e9d0-4a86-b9c0-ecbebdd16693,,0
	2025-08-07T14:49:48.0313881Z,OS Type           : bookworm,,0
	2025-08-07T14:49:48.0652813Z,Image Type        : githubactions,,0
	2025-08-07T14:49:48.1086338Z,,,0
	2025-08-07T14:49:48.1661674Z,Primary SDK Storage URL: https://oryx-cdn.microsoft.io,,0
	2025-08-07T14:49:48.2054918Z,Backup SDK Storage URL: https://oryxsdks-cdn.azureedge.net,,0
	2025-08-07T14:49:48.2510963Z,Detecting platforms...,,0
	2025-08-07T14:49:56.5550195Z,Detected following platforms:,,0
	2025-08-07T14:49:56.6304802Z,  nodejs: 20.19.3,,0
	2025-08-07T14:49:56.7190099Z,  python: 3.8.18,,0
	2025-08-07T14:49:56.7861816Z,  php: 8.3.23,,0
	2025-08-07T14:49:56.8230091Z,Version '20.19.3' of platform 'nodejs' is not installed. Generating script to install it...,,0
	2025-08-07T14:49:56.9242411Z,Version '3.8.18' of platform 'python' is not installed. Generating script to install it...,,0
	2025-08-07T14:49:56.9533912Z,Version '8.3.23' of platform 'php' is not installed. Generating script to install it...,,0
	2025-08-07T14:49:57.5739409Z,Detected the following frameworks: Typescript&comma;Next.js,,0
	2025-08-07T14:49:58.2510105Z,Warning: An outdated version of python was detected (3.8.18). Consider updating.\nVersions supported by Oryx: https://github.com/microsoft/Oryx,,0
	2025-08-07T14:49:58.2866163Z,,,0
	2025-08-07T14:49:58.3267426Z,,,0
	2025-08-07T14:49:58.4122068Z,Using intermediate directory '/tmp/8ddd5c1a5b52568'.,,0
	2025-08-07T14:49:58.4479168Z,,,0
	2025-08-07T14:49:58.4854948Z,Copying files to the intermediate directory...,,0
	2025-08-07T14:49:58.6478524Z,Done in 0 sec(s).,,0
	2025-08-07T14:49:58.6945891Z,,,0
	2025-08-07T14:49:58.7332547Z,Source directory     : /tmp/8ddd5c1a5b52568,,0
	2025-08-07T14:49:58.7903791Z,Destination directory: /home/site/wwwroot,,0
	2025-08-07T14:49:58.8381274Z,,,0
	2025-08-07T14:49:58.8872389Z,,,0
	2025-08-07T14:49:58.9186691Z,Downloading and extracting 'nodejs' version '20.19.3' to '/tmp/oryx/platforms/nodejs/20.19.3'...,,0
	2025-08-07T14:49:58.9549917Z,Detected image debian flavor: bookworm.,,0
	2025-08-07T14:50:02.0789125Z,Downloaded in 4 sec(s).,,0
	2025-08-07T14:50:02.2064557Z,Verifying checksum...,,0
	2025-08-07T14:50:02.3431360Z,Extracting contents...,,0
	2025-08-07T14:50:13.6481342Z,performing sha512 checksum for: nodejs...,,0
	2025-08-07T14:50:14.3531366Z,Done in 16 sec(s).,,0
	2025-08-07T14:50:14.3904730Z,,,0
	2025-08-07T14:50:14.4185318Z,,,0
	2025-08-07T14:50:14.4480111Z,Downloading and extracting 'python' version '3.8.18' to '/tmp/oryx/platforms/python/3.8.18'...,,0
	2025-08-07T14:50:14.4789212Z,Detected image debian flavor: bookworm.,,0
	2025-08-07T14:50:16.5722224Z,Downloaded in 2 sec(s).,,0
	2025-08-07T14:50:16.6208544Z,Verifying checksum...,,0
	2025-08-07T14:50:16.7262301Z,Extracting contents...,,0
	2025-08-07T14:50:26.9475265Z,performing sha512 checksum for: python...,,0
	2025-08-07T14:50:28.5969409Z,Done in 14 sec(s).,,0
	2025-08-07T14:50:28.6731955Z,,,0
	2025-08-07T14:50:28.7103989Z,,,0
	2025-08-07T14:50:28.7467913Z,Downloading and extracting 'php' version '8.3.23' to '/tmp/oryx/platforms/php/8.3.23'...,,0
	2025-08-07T14:50:28.7927292Z,Detected image debian flavor: bookworm.,,0
	2025-08-07T14:50:29.7706821Z,Downloaded in 1 sec(s).,,0
	2025-08-07T14:50:29.8072912Z,Verifying checksum...,,0
	2025-08-07T14:50:29.8362995Z,Extracting contents...,,0
	2025-08-07T14:50:31.7943625Z,performing sha512 checksum for: php...,,0
	2025-08-07T14:50:32.0402101Z,Done in 4 sec(s).,,0
	2025-08-07T14:50:32.0900597Z,,,0
	2025-08-07T14:50:32.1287464Z,,,0
	2025-08-07T14:50:32.1487131Z,Downloading and extracting 'php-composer' version '2.6.2' to '/tmp/oryx/platforms/php-composer/2.6.2'...,,0
	2025-08-07T14:50:32.1856530Z,Detected image debian flavor: bookworm.,,0
	2025-08-07T14:50:32.4926066Z,Downloaded in 0 sec(s).,,0
	2025-08-07T14:50:32.5575335Z,Verifying checksum...,,0
	2025-08-07T14:50:32.6444344Z,Extracting contents...,,0
	2025-08-07T14:50:33.2978215Z,performing sha512 checksum for: php-composer...,,0
	2025-08-07T14:50:33.3368903Z,Done in 0 sec(s).,,0
	2025-08-07T14:50:33.3738212Z,,,0
	2025-08-07T14:50:33.7223412Z,Executing pre-build command...,,0
	2025-08-07T14:51:38.1934163Z,,,0
	2025-08-07T14:51:38.2734303Z,added 34 packages&comma; and audited 35 packages in 1m,,0
	2025-08-07T14:51:38.2836543Z,npm notice,,1
	2025-08-07T14:51:38.3173914Z,,,0
	2025-08-07T14:51:38.3455361Z,npm notice New major version of npm available! 10.8.2 -> 11.5.2,,1
	2025-08-07T14:51:38.3666796Z,8 packages are looking for funding,,0
	2025-08-07T14:51:38.4194111Z,  run `npm fund` for details,,0
	2025-08-07T14:51:38.4394717Z,npm notice Changelog: https://github.com/npm/cli/releases/tag/v11.5.2,,1
	2025-08-07T14:51:38.4678794Z,,,0
	2025-08-07T14:51:38.5038510Z,npm notice To update run: npm install -g npm@11.5.2,,1
	2025-08-07T14:51:38.5327912Z,found 0 vulnerabilities,,0
	2025-08-07T14:51:38.5786327Z,npm notice,,1
