2025-08-07T13:46:45.8798683Z,Updating submodules.,45bd4a09-42b2-4b63-8185-4a916d0758e2,0
2025-08-07T13:46:47.0229501Z,Preparing deployment for commit id '6292eea6-d'.,55bc2d90-b1d4-48cd-bef1-ae0727e3a364,0
2025-08-07T13:46:47.6890399Z,PreDeployment: context.CleanOutputPath False,2e515300-1875-4cec-b84c-20cae80830be,0
2025-08-07T13:46:47.8285108Z,PreDeployment: context.OutputPath /home/site/wwwroot,47c3dbe3-4e30-4bb4-b76c-b40261b4d98c,0
2025-08-07T13:46:48.0995311Z,Running build. Project type: OneDeploy,05e7b4b7-8a25-40f0-8525-e3d5869cb969,0
2025-08-07T13:46:48.2505567Z,Copying the manifest,225fe02c-9e00-419a-b163-0af725a71920,0
2025-08-07T13:46:48.4566627Z,NodeProjectOptimizer Initialized with repository path: /tmp/zipdeploy/extracted and output path: /home/site/wwwroot ,9b5f7885-f0cb-4bfc-a254-8ee971643394,0
2025-08-07T13:46:48.6274416Z,Optimizing build...,5eca0927-4435-455c-afbf-45bacd3ec114,0
2025-08-07T13:46:48.7526680Z,Zipping node_modules...,34f906dd-1b20-4a14-984d-83c7680895b1,0
	2025-08-07T13:46:48.7884066Z,Command: /opt/Kudu/Scripts/absoluteTar.sh /tmp/zipdeploy/extracted/node_modules /tmp/zipdeploy/extracted/node_modules.tar.gz,,0
	2025-08-07T13:49:33.4528377Z,Zipped /tmp/zipdeploy/extracted/node_modules to /tmp/zipdeploy/extracted/node_modules.tar.gz done successfully,,0
2025-08-07T13:49:33.6658649Z,Zipped Node Modules to /tmp/zipdeploy/extracted/node_modules.tar.gz,db502b15-62e1-4dda-9b03-931a88c98a92,0
2025-08-07T13:49:33.7935739Z,Express Node Deploy: Running rsync...,6d4e8882-b4e9-4ac5-b4fe-254cee881089,0
	2025-08-07T13:49:33.8114865Z,Command: /opt/Kudu/Scripts/parallel_rsync.sh /tmp/zipdeploy/extracted /home/site/wwwroot 8 /tmp/ False False node_modules ,,0
	2025-08-07T13:49:34.0172547Z,Run rsync from: /tmp/zipdeploy/extracted/ to: /home/site/wwwroot/ in 8 parallel threads,,0
	2025-08-07T13:49:34.0454526Z,Delete options: clean=False&comma; use manifest=False&comma; directory to ignore=node_modules,,0
	2025-08-07T13:49:34.0646578Z,Prev manifest = /opt/Kudu/Scripts/firstDeploymentManifest and next /home/site/deployments/6292eea6-d03a-473b-b059-ba0baeb64a9c/manifest,,0
	2025-08-07T13:49:34.0897586Z,Cleaning up /tmp//filelist.txt and /tmp//splits,,0
	2025-08-07T13:49:34.1668972Z,Creating a list of all files at /tmp//filelist.txt,,0
	2025-08-07T13:49:34.1967237Z,Excluding: node_modules,,0
	2025-08-07T13:49:34.2310489Z,Created /tmp//filelist.txt. Total number of files to be synced = 38.,,0
	2025-08-07T13:49:34.2720405Z,Created batches from the list of files. Processing 5 files in each thread,,0
	2025-08-07T13:49:34.3758295Z,Running rsync for filelist /tmp//splits/split.ab from /tmp/zipdeploy/extracted/ to /home/site/wwwroot/,,0
	2025-08-07T13:49:34.4635510Z,Running rsync for filelist /tmp//splits/split.aa from /tmp/zipdeploy/extracted/ to /home/site/wwwroot/,,0
	2025-08-07T13:49:34.5797161Z,Running rsync for filelist /tmp//splits/split.ag from /tmp/zipdeploy/extracted/ to /home/site/wwwroot/,,0
	2025-08-07T13:49:34.6250503Z,Running rsync for filelist /tmp//splits/split.af from /tmp/zipdeploy/extracted/ to /home/site/wwwroot/,,0
	2025-08-07T13:49:34.6825107Z,Running rsync for filelist /tmp//splits/split.ah from /tmp/zipdeploy/extracted/ to /home/site/wwwroot/,,0
	2025-08-07T13:49:34.7352843Z,Running rsync for filelist /tmp//splits/split.ad from /tmp/zipdeploy/extracted/ to /home/site/wwwroot/,,0
	2025-08-07T13:49:34.8664938Z,Running rsync for filelist /tmp//splits/split.ae from /tmp/zipdeploy/extracted/ to /home/site/wwwroot/,,0
	2025-08-07T13:49:34.9017319Z,Running rsync for filelist /tmp//splits/split.ac from /tmp/zipdeploy/extracted/ to /home/site/wwwroot/,,0
	2025-08-07T13:49:36.4851123Z,,,0
	2025-08-07T13:49:36.5497486Z,Number of files: 10 (reg: 5&comma; dir: 5),,0
	2025-08-07T13:49:36.5947187Z,Number of created files: 5 (reg: 5),,0
	2025-08-07T13:49:36.6574906Z,Number of deleted files: 0,,0
	2025-08-07T13:49:36.7054973Z,Number of regular files transferred: 5,,0
	2025-08-07T13:49:36.7706087Z,Total file size: 133.32K bytes,,0
	2025-08-07T13:49:36.8369350Z,Total transferred file size: 133.32K bytes,,0
	2025-08-07T13:49:36.9120898Z,Literal data: 133.32K bytes,,0
	2025-08-07T13:49:36.9765953Z,Matched data: 0 bytes,,0
	2025-08-07T13:49:37.1851504Z,File list size: 0,,0
	2025-08-07T13:49:37.2865116Z,File list generation time: 0.010 seconds,,0
	2025-08-07T13:49:37.3449847Z,File list transfer time: 0.000 seconds,,0
	2025-08-07T13:49:37.3941203Z,Total bytes sent: 129.67K,,0
	2025-08-07T13:49:37.4397864Z,Total bytes received: 123,,0
	2025-08-07T13:49:37.5014567Z,,,0
	2025-08-07T13:49:37.5573324Z,sent 129.67K bytes  received 123 bytes  51.92K bytes/sec,,0
	2025-08-07T13:49:37.5948546Z,total size is 133.32K  speedup is 1.03,,0
	2025-08-07T13:49:37.6411605Z,Attempt 1: Rsync for filelist /tmp//splits/split.aa completed with exit code 0,,0
	2025-08-07T13:49:37.7184969Z,,,0
	2025-08-07T13:49:37.7453033Z,Number of files: 9 (reg: 5&comma; dir: 4),,0
	2025-08-07T13:49:37.8236021Z,Number of created files: 6 (reg: 5&comma; dir: 1),,0
	2025-08-07T13:49:37.8714622Z,Number of deleted files: 0,,0
	2025-08-07T13:49:37.9158832Z,Number of regular files transferred: 5,,0
	2025-08-07T13:49:37.9789353Z,Total file size: 3.43K bytes,,0
	2025-08-07T13:49:38.0184910Z,Total transferred file size: 3.43K bytes,,0
	2025-08-07T13:49:38.0777389Z,Literal data: 3.43K bytes,,0
	2025-08-07T13:49:38.1344179Z,Matched data: 0 bytes,,0
	2025-08-07T13:49:38.1941894Z,File list size: 0,,0
	2025-08-07T13:49:38.2396934Z,File list generation time: 0.010 seconds,,0
	2025-08-07T13:49:38.2815922Z,File list transfer time: 0.000 seconds,,0
	2025-08-07T13:49:38.3265492Z,Total bytes sent: 2.13K,,0
	2025-08-07T13:49:38.3893827Z,Total bytes received: 123,,0
	2025-08-07T13:49:38.4310249Z,,,0
	2025-08-07T13:49:38.4602648Z,sent 2.13K bytes  received 123 bytes  900.40 bytes/sec,,0
	2025-08-07T13:49:38.4842366Z,total size is 3.43K  speedup is 1.52,,0
	2025-08-07T13:49:38.5286958Z,Attempt 1: Rsync for filelist /tmp//splits/split.ag completed with exit code 0,,0
	2025-08-07T13:49:38.5774639Z,,,0
	2025-08-07T13:49:38.7787155Z,Number of files: 9 (reg: 5&comma; dir: 4),,0
	2025-08-07T13:49:39.6904390Z,Number of created files: 6 (reg: 5&comma; dir: 1),,0
	2025-08-07T13:49:39.9470405Z,Number of deleted files: 0,,0
	2025-08-07T13:49:39.9858981Z,Number of regular files transferred: 5,,0
	2025-08-07T13:49:40.0298607Z,Total file size: 5.53K bytes,,0
	2025-08-07T13:49:40.0575796Z,Total transferred file size: 5.53K bytes,,0
	2025-08-07T13:49:40.0994664Z,Literal data: 5.53K bytes,,0
	2025-08-07T13:49:40.1276351Z,Matched data: 0 bytes,,0
	2025-08-07T13:49:40.1600655Z,File list size: 0,,0
	2025-08-07T13:49:40.2053769Z,File list generation time: 0.111 seconds,,0
	2025-08-07T13:49:40.2328218Z,File list transfer time: 0.000 seconds,,0
	2025-08-07T13:49:40.2710852Z,Total bytes sent: 2.67K,,0
	2025-08-07T13:49:40.3018071Z,Total bytes received: 123,,0
	2025-08-07T13:49:40.3647706Z,,,0
	2025-08-07T13:49:40.4060621Z,sent 2.67K bytes  received 123 bytes  1.12K bytes/sec,,0
	2025-08-07T13:49:40.4491757Z,total size is 5.53K  speedup is 1.98,,0
	2025-08-07T13:49:40.4824494Z,Attempt 1: Rsync for filelist /tmp//splits/split.af completed with exit code 0,,0
	2025-08-07T13:49:40.5199767Z,,,0
	2025-08-07T13:49:40.5658365Z,Number of files: 10 (reg: 5&comma; dir: 5),,0
	2025-08-07T13:49:40.6134681Z,Number of created files: 10 (reg: 5&comma; dir: 5),,0
	2025-08-07T13:49:40.6514408Z,Number of deleted files: 0,,0
	2025-08-07T13:49:40.6855462Z,Number of regular files transferred: 5,,0
	2025-08-07T13:49:40.7222300Z,Total file size: 293.33K bytes,,0
	2025-08-07T13:49:40.7586484Z,Total transferred file size: 293.33K bytes,,0
	2025-08-07T13:49:40.8045719Z,Literal data: 293.33K bytes,,0
	2025-08-07T13:49:40.8412537Z,Matched data: 0 bytes,,0
	2025-08-07T13:49:40.8866124Z,File list size: 0,,0
	2025-08-07T13:49:40.9065220Z,File list generation time: 0.010 seconds,,0
	2025-08-07T13:49:40.9442428Z,File list transfer time: 0.000 seconds,,0
	2025-08-07T13:49:40.9907648Z,Total bytes sent: 284.70K,,0
	2025-08-07T13:49:41.0292573Z,Total bytes received: 126,,0
	2025-08-07T13:49:41.0652846Z,,,0
	2025-08-07T13:49:41.0955497Z,sent 284.70K bytes  received 126 bytes  113.93K bytes/sec,,0
	2025-08-07T13:49:41.1401629Z,total size is 293.33K  speedup is 1.03,,0
	2025-08-07T13:49:41.1689764Z,Attempt 1: Rsync for filelist /tmp//splits/split.ad completed with exit code 0,,0
	2025-08-07T13:49:41.2170638Z,,,0
	2025-08-07T13:49:41.5153257Z,Number of files: 11 (reg: 5&comma; dir: 6),,0
	2025-08-07T13:49:41.5511862Z,Number of created files: 7 (reg: 5&comma; dir: 2),,0
	2025-08-07T13:49:41.5856240Z,Number of deleted files: 0,,0
	2025-08-07T13:49:41.6376316Z,Number of regular files transferred: 5,,0
	2025-08-07T13:49:41.8631759Z,Total file size: 220.20K bytes,,0
	2025-08-07T13:49:42.7685994Z,Total transferred file size: 220.20K bytes,,0
	2025-08-07T13:49:42.8083360Z,Literal data: 220.20K bytes,,0
	2025-08-07T13:49:42.8241741Z,Matched data: 0 bytes,,0
	2025-08-07T13:49:42.8432196Z,File list size: 0,,0
	2025-08-07T13:49:42.8663909Z,File list generation time: 0.007 seconds,,0
	2025-08-07T13:49:42.8921498Z,File list transfer time: 0.000 seconds,,0
	2025-08-07T13:49:42.9292635Z,Total bytes sent: 219.44K,,0
	2025-08-07T13:49:42.9390207Z,Total bytes received: 129,,0
	2025-08-07T13:49:42.9679992Z,,,0
	2025-08-07T13:49:42.9832768Z,sent 219.44K bytes  received 129 bytes  87.83K bytes/sec,,0
	2025-08-07T13:49:42.9983674Z,total size is 220.20K  speedup is 1.00,,0
	2025-08-07T13:49:43.0333018Z,,,0
	2025-08-07T13:49:43.0454102Z,Number of files: 10 (reg: 5&comma; dir: 5),,0
	2025-08-07T13:49:43.0606261Z,Number of created files: 7 (reg: 5&comma; dir: 2),,0
	2025-08-07T13:49:43.0747178Z,Number of deleted files: 0,,0
	2025-08-07T13:49:43.1209898Z,Number of regular files transferred: 5,,0
	2025-08-07T13:49:43.1412527Z,Total file size: 849.85K bytes,,0
	2025-08-07T13:49:43.1806704Z,Total transferred file size: 849.85K bytes,,0
	2025-08-07T13:49:43.1933195Z,Literal data: 849.85K bytes,,0
	2025-08-07T13:49:43.2168351Z,Matched data: 0 bytes,,0
	2025-08-07T13:49:43.2361020Z,File list size: 0,,0
	2025-08-07T13:49:43.2839249Z,File list generation time: 0.045 seconds,,0
	2025-08-07T13:49:43.3203521Z,File list transfer time: 0.000 seconds,,0
	2025-08-07T13:49:43.3431332Z,Total bytes sent: 850.61K,,0
	2025-08-07T13:49:43.4228636Z,Total bytes received: 126,,0
	2025-08-07T13:49:43.4436238Z,,,0
	2025-08-07T13:49:43.4537425Z,sent 850.61K bytes  received 126 bytes  340.29K bytes/sec,,0
	2025-08-07T13:49:43.4626064Z,total size is 849.85K  speedup is 1.00,,0
	2025-08-07T13:49:43.4739096Z,Attempt 1: Rsync for filelist /tmp//splits/split.ac completed with exit code 0,,0
	2025-08-07T13:49:43.5098616Z,Attempt 1: Rsync for filelist /tmp//splits/split.ab completed with exit code 0,,0
	2025-08-07T13:49:43.5446739Z,,,0
	2025-08-07T13:49:43.5651574Z,Number of files: 12 (reg: 5&comma; dir: 7),,0
	2025-08-07T13:49:43.5846180Z,Number of created files: 8 (reg: 5&comma; dir: 3),,0
	2025-08-07T13:49:43.6129053Z,Number of deleted files: 0,,0
	2025-08-07T13:49:43.6320969Z,Number of regular files transferred: 5,,0
	2025-08-07T13:49:43.6459365Z,Total file size: 178.77K bytes,,0
	2025-08-07T13:49:43.6821880Z,Total transferred file size: 178.77K bytes,,0
	2025-08-07T13:49:43.7088515Z,Literal data: 178.77K bytes,,0
	2025-08-07T13:49:43.7502799Z,Matched data: 0 bytes,,0
	2025-08-07T13:49:43.7968797Z,File list size: 0,,0
	2025-08-07T13:49:43.8174026Z,File list generation time: 0.007 seconds,,0
	2025-08-07T13:49:43.8382235Z,File list transfer time: 0.000 seconds,,0
	2025-08-07T13:49:43.8546699Z,Total bytes sent: 170.44K,,0
	2025-08-07T13:49:43.8821767Z,Total bytes received: 132,,0
	2025-08-07T13:49:43.9470324Z,,,0
	2025-08-07T13:49:43.9688929Z,sent 170.44K bytes  received 132 bytes  48.73K bytes/sec,,0
	2025-08-07T13:49:43.9836848Z,total size is 178.77K  speedup is 1.05,,0
	2025-08-07T13:49:44.0151093Z,Attempt 1: Rsync for filelist /tmp//splits/split.ae completed with exit code 0,,0
	2025-08-07T13:49:45.3807897Z,,,0
	2025-08-07T13:49:45.4000261Z,Number of files: 3 (reg: 3),,0
	2025-08-07T13:49:45.4198832Z,Number of created files: 3 (reg: 3),,0
	2025-08-07T13:49:45.4333264Z,Number of deleted files: 0,,0
	2025-08-07T13:49:45.4615450Z,Number of regular files transferred: 3,,0
	2025-08-07T13:49:45.4884113Z,Total file size: 166.57M bytes,,0
	2025-08-07T13:49:45.5020254Z,Total transferred file size: 166.57M bytes,,0
	2025-08-07T13:49:45.5164773Z,Literal data: 166.57M bytes,,0
	2025-08-07T13:49:45.5450377Z,Matched data: 0 bytes,,0
	2025-08-07T13:49:45.5634036Z,File list size: 0,,0
	2025-08-07T13:49:45.5716002Z,File list generation time: 0.001 seconds,,0
	2025-08-07T13:49:45.5984831Z,File list transfer time: 0.000 seconds,,0
	2025-08-07T13:49:45.6102864Z,Total bytes sent: 166.20M,,0
	2025-08-07T13:49:45.6250259Z,Total bytes received: 73,,0
	2025-08-07T13:49:45.6440887Z,,,0
	2025-08-07T13:49:45.6575954Z,sent 166.20M bytes  received 73 bytes  14.45M bytes/sec,,0
	2025-08-07T13:49:45.6661496Z,total size is 166.57M  speedup is 1.00,,0
	2025-08-07T13:49:45.6802887Z,Attempt 1: Rsync for filelist /tmp//splits/split.ah completed with exit code 0,,0
	2025-08-07T13:49:45.6992578Z,Completed successfully in 11 seconds,,0
2025-08-07T13:49:45.8360220Z,Rsync completed to /home/site/wwwroot,f52fa979-5133-465b-8dac-22ee5205262a,0
2025-08-07T13:49:46.0343125Z,Manifest created at /home/site/wwwroot,ca26c8ab-8c98-4ac8-a36e-583d46f6f941,0
2025-08-07T13:49:46.2332165Z,Optimized build done with success: True,15c53ff7-9ae8-4896-9e9e-3065fa16e7a8,0
2025-08-07T13:49:46.4034541Z,Build completed succesfully.,d8a0fabc-5f41-44da-868e-76858438ab22,0
2025-08-07T13:49:46.5561009Z,Running post deployment command(s)...,001fdedf-e27e-4187-a5cf-262b6d3a6668,0
2025-08-07T13:49:46.7014239Z,Triggering container recycle for OneDeploy by adding/updating restartTrigger.txt to the site root path,8f2e02fb-3c7d-4e01-af5b-37f349ac01ca,0
2025-08-07T13:49:46.9597098Z,Deployment successful. deployer = OneDeploy deploymentPath = OneDeploy,462e3e26-4697-4a20-8ee4-70668ce67ea0,0
